<?xml version="1.0" encoding="UTF-8"?>
<testsuite xmlns:xsi="http://www.w3.org/2001/XMLSchema-instance" xsi:noNamespaceSchemaLocation="https://maven.apache.org/surefire/maven-surefire-plugin/xsd/surefire-test-report.xsd" version="3.0.2" name="com.nhnacademy.order.orderitem.repository.OrderItemRepositoryTest" time="0.327" tests="4" errors="0" skipped="0" failures="0">
  <properties>
[...]
</properties>
  <testcase name="findOrderItemByOrder_OrderId_Success" classname="com.nhnacademy.order.orderitem.repository.OrderItemRepositoryTest" time="0.018">
    <system-out><![CDATA[&amp#27;[35m[Hibernate]&amp#27;[0m 
    /* <criteria> */ &amp#27;[34mselect&amp#27;[0m
        oirs1_0.&amp#27;[32m"saga_id"&amp#27;[0m,
        oirs1_0.&amp#27;[32m"bridged"&amp#27;[0m,
        oirs1_0.&amp#27;[32m"created_at"&amp#27;[0m,
        oirs1_0.&amp#27;[32m"last_completed_step"&amp#27;[0m,
        oirs1_0.&amp#27;[32m"order_id"&amp#27;[0m,
        oirs1_0.&amp#27;[32m"order_item_id"&amp#27;[0m,
        oirs1_0.&amp#27;[32m"overall_status"&amp#27;[0m,
        oirs1_0.&amp#27;[32m"updated_at"&amp#27;[0m 
    &amp#27;[34mfrom&amp#27;[0m
        &amp#27;[32m"order_item_refund_saga"&amp#27;[0m oirs1_0 
    &amp#27;[34mwhere&amp#27;[0m
        oirs1_0.&amp#27;[32m"overall_status"&amp#27;[0m &amp#27;[34min&amp#27;[0m (?, ?) 
        &amp#27;[34mand&amp#27;[0m oirs1_0.&amp#27;[32m"updated_at"&amp#27;[0m<?
2025-12-08T23:38:35.618+09:00  INFO 12060 --- [order-service] [           main] t.c.s.AnnotationConfigContextLoaderUtils : Could not detect default configuration classes for test class [com.nhnacademy.order.orderitem.repository.OrderItemRepositoryTest]: OrderItemRepositoryTest does not declare any static, non-private, non-final, nested classes annotated with @Configuration.
&amp#27;[35m[Hibernate]&amp#27;[0m 
    /* <criteria> */ &amp#27;[34mselect&amp#27;[0m
        nmoirs1_0.&amp#27;[32m"saga_id"&amp#27;[0m,
        nmoirs1_0.&amp#27;[32m"bridged"&amp#27;[0m,
        nmoirs1_0.&amp#27;[32m"created_at"&amp#27;[0m,
        nmoirs1_0.&amp#27;[32m"last_completed_step"&amp#27;[0m,
        nmoirs1_0.&amp#27;[32m"order_id"&amp#27;[0m,
        nmoirs1_0.&amp#27;[32m"order_item_id"&amp#27;[0m,
        nmoirs1_0.&amp#27;[32m"overall_status"&amp#27;[0m,
        nmoirs1_0.&amp#27;[32m"updated_at"&amp#27;[0m 
    &amp#27;[34mfrom&amp#27;[0m
        &amp#27;[32m"non_member_order_item_refund_saga"&amp#27;[0m nmoirs1_0 
    &amp#27;[34mwhere&amp#27;[0m
        nmoirs1_0.&amp#27;[32m"overall_status"&amp#27;[0m &amp#27;[34min&amp#27;[0m (?, ?) 
        &amp#27;[34mand&amp#27;[0m nmoirs1_0.&amp#27;[32m"updated_at"&amp#27;[0m<?
&amp#27;[35m[Hibernate]&amp#27;[0m 
    /* <criteria> */ &amp#27;[34mselect&amp#27;[0m
        ocs1_0.&amp#27;[32m"saga_id"&amp#27;[0m,
        ocs1_0.&amp#27;[32m"bridged"&amp#27;[0m,
        ocs1_0.&amp#27;[32m"created_at"&amp#27;[0m,
        ocs1_0.&amp#27;[32m"last_completed_step"&amp#27;[0m,
        ocs1_0.&amp#27;[32m"order_id"&amp#27;[0m,
        ocs1_0.&amp#27;[32m"overall_status"&amp#27;[0m,
        ocs1_0.&amp#27;[32m"updated_at"&amp#27;[0m 
    &amp#27;[34mfrom&amp#27;[0m
        &amp#27;[32m"order_create_saga"&amp#27;[0m ocs1_0 
    &amp#27;[34mwhere&amp#27;[0m
        ocs1_0.&amp#27;[32m"overall_status"&amp#27;[0m=? 
        &amp#27;[34mand&amp#27;[0m &amp#27;[34mnot&amp#27;[0m(ocs1_0.&amp#27;[32m"bridged"&amp#27;[0m) 
        &amp#27;[34mand&amp#27;[0m ocs1_0.&amp#27;[32m"updated_at"&amp#27;[0m<?
&amp#27;[35m[Hibernate]&amp#27;[0m 
    /* <criteria> */ &amp#27;[34mselect&amp#27;[0m
        ocs1_0.&amp#27;[32m"saga_id"&amp#27;[0m,
        ocs1_0.&amp#27;[32m"bridged"&amp#27;[0m,
        ocs1_0.&amp#27;[32m"created_at"&amp#27;[0m,
        ocs1_0.&amp#27;[32m"last_completed_step"&amp#27;[0m,
        ocs1_0.&amp#27;[32m"order_id"&amp#27;[0m,
        ocs1_0.&amp#27;[32m"overall_status"&amp#27;[0m,
        ocs1_0.&amp#27;[32m"updated_at"&amp#27;[0m 
    &amp#27;[34mfrom&amp#27;[0m
        &amp#27;[32m"order_create_saga"&amp#27;[0m ocs1_0 
    &amp#27;[34mwhere&amp#27;[0m
        ocs1_0.&amp#27;[32m"overall_status"&amp#27;[0m=? 
        &amp#27;[34mand&amp#27;[0m &amp#27;[34mnot&amp#27;[0m(ocs1_0.&amp#27;[32m"bridged"&amp#27;[0m) 
        &amp#27;[34mand&amp#27;[0m ocs1_0.&amp#27;[32m"updated_at"&amp#27;[0m<?
&amp#27;[35m[Hibernate]&amp#27;[0m 
    /* <criteria> */ &amp#27;[34mselect&amp#27;[0m
        ocs1_0.&amp#27;[32m"saga_id"&amp#27;[0m,
        ocs1_0.&amp#27;[32m"bridged"&amp#27;[0m,
        ocs1_0.&amp#27;[32m"created_at"&amp#27;[0m,
        ocs1_0.&amp#27;[32m"last_completed_step"&amp#27;[0m,
        ocs1_0.&amp#27;[32m"order_id"&amp#27;[0m,
        ocs1_0.&amp#27;[32m"overall_status"&amp#27;[0m,
        ocs1_0.&amp#27;[32m"updated_at"&amp#27;[0m 
    &amp#27;[34mfrom&amp#27;[0m
        &amp#27;[32m"order_cancel_saga"&amp#27;[0m ocs1_0 
    &amp#27;[34mwhere&amp#27;[0m
        ocs1_0.&amp#27;[32m"overall_status"&amp#27;[0m=? 
        &amp#27;[34mand&amp#27;[0m &amp#27;[34mnot&amp#27;[0m(ocs1_0.&amp#27;[32m"bridged"&amp#27;[0m) 
        &amp#27;[34mand&amp#27;[0m ocs1_0.&amp#27;[32m"updated_at"&amp#27;[0m<?
&amp#27;[35m[Hibernate]&amp#27;[0m 
    /* <criteria> */ &amp#27;[34mselect&amp#27;[0m
        oirs1_0.&amp#27;[32m"saga_id"&amp#27;[0m,
        oirs1_0.&amp#27;[32m"bridged"&amp#27;[0m,
        oirs1_0.&amp#27;[32m"created_at"&amp#27;[0m,
        oirs1_0.&amp#27;[32m"last_completed_step"&amp#27;[0m,
        oirs1_0.&amp#27;[32m"order_id"&amp#27;[0m,
        oirs1_0.&amp#27;[32m"order_item_id"&amp#27;[0m,
        oirs1_0.&amp#27;[32m"overall_status"&amp#27;[0m,
        oirs1_0.&amp#27;[32m"updated_at"&amp#27;[0m 
    &amp#27;[34mfrom&amp#27;[0m
        &amp#27;[32m"order_item_refund_saga"&amp#27;[0m oirs1_0 
    &amp#27;[34mwhere&amp#27;[0m
        oirs1_0.&amp#27;[32m"overall_status"&amp#27;[0m=? 
        &amp#27;[34mand&amp#27;[0m &amp#27;[34mnot&amp#27;[0m(oirs1_0.&amp#27;[32m"bridged"&amp#27;[0m) 
        &amp#27;[34mand&amp#27;[0m oirs1_0.&amp#27;[32m"updated_at"&amp#27;[0m<?
&amp#27;[35m[Hibernate]&amp#27;[0m 
    /* <criteria> */ &amp#27;[34mselect&amp#27;[0m
        nmoirs1_0.&amp#27;[32m"saga_id"&amp#27;[0m,
        nmoirs1_0.&amp#27;[32m"bridged"&amp#27;[0m,
        nmoirs1_0.&amp#27;[32m"created_at"&amp#27;[0m,
        nmoirs1_0.&amp#27;[32m"last_completed_step"&amp#27;[0m,
        nmoirs1_0.&amp#27;[32m"order_id"&amp#27;[0m,
        nmoirs1_0.&amp#27;[32m"order_item_id"&amp#27;[0m,
        nmoirs1_0.&amp#27;[32m"overall_status"&amp#27;[0m,
        nmoirs1_0.&amp#27;[32m"updated_at"&amp#27;[0m 
    &amp#27;[34mfrom&amp#27;[0m
        &amp#27;[32m"non_member_order_item_refund_saga"&amp#27;[0m nmoirs1_0 
    &amp#27;[34mwhere&amp#27;[0m
        nmoirs1_0.&amp#27;[32m"overall_status"&amp#27;[0m=? 
        &amp#27;[34mand&amp#27;[0m &amp#27;[34mnot&amp#27;[0m(nmoirs1_0.&amp#27;[32m"bridged"&amp#27;[0m) 
        &amp#27;[34mand&amp#27;[0m nmoirs1_0.&amp#27;[32m"updated_at"&amp#27;[0m<?
2025-12-08T23:38:35.646+09:00  INFO 12060 --- [order-service] [           main] .b.t.c.SpringBootTestContextBootstrapper : Found @SpringBootConfiguration com.nhnacademy.OrderApplication for test class com.nhnacademy.order.orderitem.repository.OrderItemRepositoryTest
2025-12-08T23:38:35.648+09:00  INFO 12060 --- [order-service] [           main] o.s.b.d.r.RestartApplicationListener     : Restart disabled due to context in which it is running

  .   ____          _            __ _ _
 /\\ / ___'_ __ _ _(_)_ __  __ _ \ \ \ \
( ( )\___ | '_ | '_| | '_ \/ _` | \ \ \ \
 \\/  ___)| |_)| | | | | || (_| |  ) ) ) )
  '  |____| .__|_| |_|_| |_\__, | / / / /
 =========|_|==============|___/=/_/_/_/

 :: Spring Boot ::                (v3.5.7)

2025-12-08T23:38:35.662+09:00  INFO 12060 --- [order-service] [           main] c.n.o.o.r.OrderItemRepositoryTest        : Starting OrderItemRepositoryTest using Java 21.0.1 with PID 12060 (started by skyap in C:\Users\skyap\IdeaProjects\order)
2025-12-08T23:38:35.662+09:00  INFO 12060 --- [order-service] [           main] c.n.o.o.r.OrderItemRepositoryTest        : The following 1 profile is active: "dev"
2025-12-08T23:38:35.751+09:00  INFO 12060 --- [order-service] [           main] .s.d.r.c.RepositoryConfigurationDelegate : Bootstrapping Spring Data JPA repositories in DEFAULT mode.
2025-12-08T23:38:35.777+09:00  INFO 12060 --- [order-service] [           main] .s.d.r.c.RepositoryConfigurationDelegate : Finished Spring Data repository scanning in 25 ms. Found 9 JPA repository interfaces.
2025-12-08T23:38:35.780+09:00  INFO 12060 --- [order-service] [           main] beddedDataSourceBeanFactoryPostProcessor : Replacing 'dataSource' DataSource bean with embedded version
2025-12-08T23:38:35.783+09:00  INFO 12060 --- [order-service] [           main] o.s.j.d.e.EmbeddedDatabaseFactory        : Starting embedded database: url='jdbc:h2:mem:7288828d-78c7-432d-9b27-1051abb43c9e;DB_CLOSE_DELAY=-1;DB_CLOSE_ON_EXIT=false', username='sa'
2025-12-08T23:38:35.798+09:00  INFO 12060 --- [order-service] [           main] o.hibernate.jpa.internal.util.LogHelper  : HHH000204: Processing PersistenceUnitInfo [name: default]
2025-12-08T23:38:35.800+09:00  INFO 12060 --- [order-service] [           main] o.h.c.internal.RegionFactoryInitiator    : HHH000026: Second-level cache disabled
2025-12-08T23:38:35.800+09:00 DEBUG 12060 --- [order-service] [           main] org.hibernate.type.BasicTypeRegistry     : Adding type registration boolean -> org.hibernate.type.BasicTypeReference@79b3f1c6
2025-12-08T23:38:35.800+09:00 DEBUG 12060 --- [order-service] [           main] org.hibernate.type.BasicTypeRegistry     : Adding type registration boolean -> org.hibernate.type.BasicTypeReference@79b3f1c6
2025-12-08T23:38:35.800+09:00 DEBUG 12060 --- [order-service] [           main] org.hibernate.type.BasicTypeRegistry     : Adding type registration java.lang.Boolean -> org.hibernate.type.BasicTypeReference@79b3f1c6
2025-12-08T23:38:35.800+09:00 DEBUG 12060 --- [order-service] [           main] org.hibernate.type.BasicTypeRegistry     : Adding type registration numeric_boolean -> org.hibernate.type.BasicTypeReference@3cc148d
2025-12-08T23:38:35.800+09:00 DEBUG 12060 --- [order-service] [           main] org.hibernate.type.BasicTypeRegistry     : Adding type registration org.hibernate.type.NumericBooleanConverter -> org.hibernate.type.BasicTypeReference@3cc148d
2025-12-08T23:38:35.800+09:00 DEBUG 12060 --- [order-service] [           main] org.hibernate.type.BasicTypeRegistry     : Adding type registration true_false -> org.hibernate.type.BasicTypeReference@172f88b1
2025-12-08T23:38:35.800+09:00 DEBUG 12060 --- [order-service] [           main] org.hibernate.type.BasicTypeRegistry     : Adding type registration org.hibernate.type.TrueFalseConverter -> org.hibernate.type.BasicTypeReference@172f88b1
2025-12-08T23:38:35.800+09:00 DEBUG 12060 --- [order-service] [           main] org.hibernate.type.BasicTypeRegistry     : Adding type registration yes_no -> org.hibernate.type.BasicTypeReference@51ea9f02
2025-12-08T23:38:35.800+09:00 DEBUG 12060 --- [order-service] [           main] org.hibernate.type.BasicTypeRegistry     : Adding type registration org.hibernate.type.YesNoConverter -> org.hibernate.type.BasicTypeReference@51ea9f02
2025-12-08T23:38:35.800+09:00 DEBUG 12060 --- [order-service] [           main] org.hibernate.type.BasicTypeRegistry     : Adding type registration byte -> org.hibernate.type.BasicTypeReference@37b17938
2025-12-08T23:38:35.800+09:00 DEBUG 12060 --- [order-service] [           main] org.hibernate.type.BasicTypeRegistry     : Adding type registration byte -> org.hibernate.type.BasicTypeReference@37b17938
2025-12-08T23:38:35.800+09:00 DEBUG 12060 --- [order-service] [           main] org.hibernate.type.BasicTypeRegistry     : Adding type registration java.lang.Byte -> org.hibernate.type.BasicTypeReference@37b17938
2025-12-08T23:38:35.800+09:00 DEBUG 12060 --- [order-service] [           main] org.hibernate.type.BasicTypeRegistry     : Adding type registration binary -> org.hibernate.type.BasicTypeReference@54ba7b3f
2025-12-08T23:38:35.800+09:00 DEBUG 12060 --- [order-service] [           main] org.hibernate.type.BasicTypeRegistry     : Adding type registration byte[] -> org.hibernate.type.BasicTypeReference@54ba7b3f
2025-12-08T23:38:35.800+09:00 DEBUG 12060 --- [order-service] [           main] org.hibernate.type.BasicTypeRegistry     : Adding type registration [B -> org.hibernate.type.BasicTypeReference@54ba7b3f
2025-12-08T23:38:35.800+09:00 DEBUG 12060 --- [order-service] [           main] org.hibernate.type.BasicTypeRegistry     : Adding type registration binary_wrapper -> org.hibernate.type.BasicTypeReference@3f3b0b19
2025-12-08T23:38:35.800+09:00 DEBUG 12060 --- [order-service] [           main] org.hibernate.type.BasicTypeRegistry     : Adding type registration wrapper-binary -> org.hibernate.type.BasicTypeReference@3f3b0b19
2025-12-08T23:38:35.800+09:00 DEBUG 12060 --- [order-service] [           main] org.hibernate.type.BasicTypeRegistry     : Adding type registration image -> org.hibernate.type.BasicTypeReference@3aac9173
2025-12-08T23:38:35.800+09:00 DEBUG 12060 --- [order-service] [           main] org.hibernate.type.BasicTypeRegistry     : Adding type registration blob -> org.hibernate.type.BasicTypeReference@6e847a7
2025-12-08T23:38:35.800+09:00 DEBUG 12060 --- [order-service] [           main] org.hibernate.type.BasicTypeRegistry     : Adding type registration java.sql.Blob -> org.hibernate.type.BasicTypeReference@6e847a7
2025-12-08T23:38:35.800+09:00 DEBUG 12060 --- [order-service] [           main] org.hibernate.type.BasicTypeRegistry     : Adding type registration materialized_blob -> org.hibernate.type.BasicTypeReference@18cb7c6
2025-12-08T23:38:35.800+09:00 DEBUG 12060 --- [order-service] [           main] org.hibernate.type.BasicTypeRegistry     : Adding type registration materialized_blob_wrapper -> org.hibernate.type.BasicTypeReference@6608072d
2025-12-08T23:38:35.800+09:00 DEBUG 12060 --- [order-service] [           main] org.hibernate.type.BasicTypeRegistry     : Adding type registration short -> org.hibernate.type.BasicTypeReference@38f12596
2025-12-08T23:38:35.800+09:00 DEBUG 12060 --- [order-service] [           main] org.hibernate.type.BasicTypeRegistry     : Adding type registration short -> org.hibernate.type.BasicTypeReference@38f12596
2025-12-08T23:38:35.800+09:00 DEBUG 12060 --- [order-service] [           main] org.hibernate.type.BasicTypeRegistry     : Adding type registration java.lang.Short -> org.hibernate.type.BasicTypeReference@38f12596
2025-12-08T23:38:35.800+09:00 DEBUG 12060 --- [order-service] [           main] org.hibernate.type.BasicTypeRegistry     : Adding type registration integer -> org.hibernate.type.BasicTypeReference@7ce09850
2025-12-08T23:38:35.800+09:00 DEBUG 12060 --- [order-service] [           main] org.hibernate.type.BasicTypeRegistry     : Adding type registration int -> org.hibernate.type.BasicTypeReference@7ce09850
2025-12-08T23:38:35.800+09:00 DEBUG 12060 --- [order-service] [           main] org.hibernate.type.BasicTypeRegistry     : Adding type registration java.lang.Integer -> org.hibernate.type.BasicTypeReference@7ce09850
2025-12-08T23:38:35.800+09:00 DEBUG 12060 --- [order-service] [           main] org.hibernate.type.BasicTypeRegistry     : Adding type registration long -> org.hibernate.type.BasicTypeReference@1836228d
2025-12-08T23:38:35.800+09:00 DEBUG 12060 --- [order-service] [           main] org.hibernate.type.BasicTypeRegistry     : Adding type registration long -> org.hibernate.type.BasicTypeReference@1836228d
2025-12-08T23:38:35.800+09:00 DEBUG 12060 --- [order-service] [           main] org.hibernate.type.BasicTypeRegistry     : Adding type registration java.lang.Long -> org.hibernate.type.BasicTypeReference@1836228d
2025-12-08T23:38:35.800+09:00 DEBUG 12060 --- [order-service] [           main] org.hibernate.type.BasicTypeRegistry     : Adding type registration float -> org.hibernate.type.BasicTypeReference@3e216fc9
2025-12-08T23:38:35.800+09:00 DEBUG 12060 --- [order-service] [           main] org.hibernate.type.BasicTypeRegistry     : Adding type registration float -> org.hibernate.type.BasicTypeReference@3e216fc9
2025-12-08T23:38:35.800+09:00 DEBUG 12060 --- [order-service] [           main] org.hibernate.type.BasicTypeRegistry     : Adding type registration java.lang.Float -> org.hibernate.type.BasicTypeReference@3e216fc9
2025-12-08T23:38:35.800+09:00 DEBUG 12060 --- [order-service] [           main] org.hibernate.type.BasicTypeRegistry     : Adding type registration double -> org.hibernate.type.BasicTypeReference@fcd300e
2025-12-08T23:38:35.800+09:00 DEBUG 12060 --- [order-service] [           main] org.hibernate.type.BasicTypeRegistry     : Adding type registration double -> org.hibernate.type.BasicTypeReference@fcd300e
2025-12-08T23:38:35.800+09:00 DEBUG 12060 --- [order-service] [           main] org.hibernate.type.BasicTypeRegistry     : Adding type registration java.lang.Double -> org.hibernate.type.BasicTypeReference@fcd300e
2025-12-08T23:38:35.800+09:00 DEBUG 12060 --- [order-service] [           main] org.hibernate.type.BasicTypeRegistry     : Adding type registration big_integer -> org.hibernate.type.BasicTypeReference@77971bbf
2025-12-08T23:38:35.800+09:00 DEBUG 12060 --- [order-service] [           main] org.hibernate.type.BasicTypeRegistry     : Adding type registration java.math.BigInteger -> org.hibernate.type.BasicTypeReference@77971bbf
2025-12-08T23:38:35.800+09:00 DEBUG 12060 --- [order-service] [           main] org.hibernate.type.BasicTypeRegistry     : Adding type registration big_decimal -> org.hibernate.type.BasicTypeReference@5e9c6d8a
2025-12-08T23:38:35.800+09:00 DEBUG 12060 --- [order-service] [           main] org.hibernate.type.BasicTypeRegistry     : Adding type registration java.math.BigDecimal -> org.hibernate.type.BasicTypeReference@5e9c6d8a
2025-12-08T23:38:35.800+09:00 DEBUG 12060 --- [order-service] [           main] org.hibernate.type.BasicTypeRegistry     : Adding type registration character -> org.hibernate.type.BasicTypeReference@6b760eb7
2025-12-08T23:38:35.800+09:00 DEBUG 12060 --- [order-service] [           main] org.hibernate.type.BasicTypeRegistry     : Adding type registration char -> org.hibernate.type.BasicTypeReference@6b760eb7
2025-12-08T23:38:35.800+09:00 DEBUG 12060 --- [order-service] [           main] org.hibernate.type.BasicTypeRegistry     : Adding type registration java.lang.Character -> org.hibernate.type.BasicTypeReference@6b760eb7
2025-12-08T23:38:35.800+09:00 DEBUG 12060 --- [order-service] [           main] org.hibernate.type.BasicTypeRegistry     : Adding type registration character_nchar -> org.hibernate.type.BasicTypeReference@ddd0e97
2025-12-08T23:38:35.800+09:00 DEBUG 12060 --- [order-service] [           main] org.hibernate.type.BasicTypeRegistry     : Adding type registration string -> org.hibernate.type.BasicTypeReference@42d8b670
2025-12-08T23:38:35.800+09:00 DEBUG 12060 --- [order-service] [           main] org.hibernate.type.BasicTypeRegistry     : Adding type registration java.lang.String -> org.hibernate.type.BasicTypeReference@42d8b670
2025-12-08T23:38:35.800+09:00 DEBUG 12060 --- [order-service] [           main] org.hibernate.type.BasicTypeRegistry     : Adding type registration nstring -> org.hibernate.type.BasicTypeReference@7f15639c
2025-12-08T23:38:35.800+09:00 DEBUG 12060 --- [order-service] [           main] org.hibernate.type.BasicTypeRegistry     : Adding type registration characters -> org.hibernate.type.BasicTypeReference@24cdc97f
2025-12-08T23:38:35.800+09:00 DEBUG 12060 --- [order-service] [           main] org.hibernate.type.BasicTypeRegistry     : Adding type registration char[] -> org.hibernate.type.BasicTypeReference@24cdc97f
2025-12-08T23:38:35.800+09:00 DEBUG 12060 --- [order-service] [           main] org.hibernate.type.BasicTypeRegistry     : Adding type registration [C -> org.hibernate.type.BasicTypeReference@24cdc97f
2025-12-08T23:38:35.800+09:00 DEBUG 12060 --- [order-service] [           main] org.hibernate.type.BasicTypeRegistry     : Adding type registration wrapper-characters -> org.hibernate.type.BasicTypeReference@4101d2c7
2025-12-08T23:38:35.800+09:00 DEBUG 12060 --- [order-service] [           main] org.hibernate.type.BasicTypeRegistry     : Adding type registration text -> org.hibernate.type.BasicTypeReference@466d87a1
2025-12-08T23:38:35.800+09:00 DEBUG 12060 --- [order-service] [           main] org.hibernate.type.BasicTypeRegistry     : Adding type registration ntext -> org.hibernate.type.BasicTypeReference@12300573
2025-12-08T23:38:35.800+09:00 DEBUG 12060 --- [order-service] [           main] org.hibernate.type.BasicTypeRegistry     : Adding type registration clob -> org.hibernate.type.BasicTypeReference@58fcb07b
2025-12-08T23:38:35.800+09:00 DEBUG 12060 --- [order-service] [           main] org.hibernate.type.BasicTypeRegistry     : Adding type registration java.sql.Clob -> org.hibernate.type.BasicTypeReference@58fcb07b
2025-12-08T23:38:35.800+09:00 DEBUG 12060 --- [order-service] [           main] org.hibernate.type.BasicTypeRegistry     : Adding type registration nclob -> org.hibernate.type.BasicTypeReference@1724c649
2025-12-08T23:38:35.800+09:00 DEBUG 12060 --- [order-service] [           main] org.hibernate.type.BasicTypeRegistry     : Adding type registration java.sql.NClob -> org.hibernate.type.BasicTypeReference@1724c649
2025-12-08T23:38:35.800+09:00 DEBUG 12060 --- [order-service] [           main] org.hibernate.type.BasicTypeRegistry     : Adding type registration materialized_clob -> org.hibernate.type.BasicTypeReference@3d5e1b83
2025-12-08T23:38:35.800+09:00 DEBUG 12060 --- [order-service] [           main] org.hibernate.type.BasicTypeRegistry     : Adding type registration materialized_clob_char_array -> org.hibernate.type.BasicTypeReference@2fd79ac6
2025-12-08T23:38:35.800+09:00 DEBUG 12060 --- [order-service] [           main] org.hibernate.type.BasicTypeRegistry     : Adding type registration materialized_clob_character_array -> org.hibernate.type.BasicTypeReference@1215982f
2025-12-08T23:38:35.800+09:00 DEBUG 12060 --- [order-service] [           main] org.hibernate.type.BasicTypeRegistry     : Adding type registration materialized_nclob -> org.hibernate.type.BasicTypeReference@233202aa
2025-12-08T23:38:35.800+09:00 DEBUG 12060 --- [order-service] [           main] org.hibernate.type.BasicTypeRegistry     : Adding type registration materialized_nclob_character_array -> org.hibernate.type.BasicTypeReference@6e7d874c
2025-12-08T23:38:35.800+09:00 DEBUG 12060 --- [order-service] [           main] org.hibernate.type.BasicTypeRegistry     : Adding type registration materialized_nclob_char_array -> org.hibernate.type.BasicTypeReference@7d6f31ef
2025-12-08T23:38:35.800+09:00 DEBUG 12060 --- [order-service] [           main] org.hibernate.type.BasicTypeRegistry     : Adding type registration Duration -> org.hibernate.type.BasicTypeReference@43051a8d
2025-12-08T23:38:35.800+09:00 DEBUG 12060 --- [order-service] [           main] org.hibernate.type.BasicTypeRegistry     : Adding type registration java.time.Duration -> org.hibernate.type.BasicTypeReference@43051a8d
2025-12-08T23:38:35.800+09:00 DEBUG 12060 --- [order-service] [           main] org.hibernate.type.BasicTypeRegistry     : Adding type registration LocalDateTime -> org.hibernate.type.BasicTypeReference@70916715
2025-12-08T23:38:35.800+09:00 DEBUG 12060 --- [order-service] [           main] org.hibernate.type.BasicTypeRegistry     : Adding type registration java.time.LocalDateTime -> org.hibernate.type.BasicTypeReference@70916715
2025-12-08T23:38:35.800+09:00 DEBUG 12060 --- [order-service] [           main] org.hibernate.type.BasicTypeRegistry     : Adding type registration LocalDate -> org.hibernate.type.BasicTypeReference@72d4d9ac
2025-12-08T23:38:35.800+09:00 DEBUG 12060 --- [order-service] [           main] org.hibernate.type.BasicTypeRegistry     : Adding type registration java.time.LocalDate -> org.hibernate.type.BasicTypeReference@72d4d9ac
2025-12-08T23:38:35.800+09:00 DEBUG 12060 --- [order-service] [           main] org.hibernate.type.BasicTypeRegistry     : Adding type registration LocalTime -> org.hibernate.type.BasicTypeReference@76b06e50
2025-12-08T23:38:35.800+09:00 DEBUG 12060 --- [order-service] [           main] org.hibernate.type.BasicTypeRegistry     : Adding type registration java.time.LocalTime -> org.hibernate.type.BasicTypeReference@76b06e50
2025-12-08T23:38:35.800+09:00 DEBUG 12060 --- [order-service] [           main] org.hibernate.type.BasicTypeRegistry     : Adding type registration OffsetDateTime -> org.hibernate.type.BasicTypeReference@1d0ac379
2025-12-08T23:38:35.800+09:00 DEBUG 12060 --- [order-service] [           main] org.hibernate.type.BasicTypeRegistry     : Adding type registration java.time.OffsetDateTime -> org.hibernate.type.BasicTypeReference@1d0ac379
2025-12-08T23:38:35.800+09:00 DEBUG 12060 --- [order-service] [           main] org.hibernate.type.BasicTypeRegistry     : Adding type registration OffsetDateTimeWithTimezone -> org.hibernate.type.BasicTypeReference@66d8a602
2025-12-08T23:38:35.800+09:00 DEBUG 12060 --- [order-service] [           main] org.hibernate.type.BasicTypeRegistry     : Adding type registration OffsetDateTimeWithoutTimezone -> org.hibernate.type.BasicTypeReference@32950acc
2025-12-08T23:38:35.800+09:00 DEBUG 12060 --- [order-service] [           main] org.hibernate.type.BasicTypeRegistry     : Adding type registration OffsetTime -> org.hibernate.type.BasicTypeReference@47a22020
2025-12-08T23:38:35.800+09:00 DEBUG 12060 --- [order-service] [           main] org.hibernate.type.BasicTypeRegistry     : Adding type registration java.time.OffsetTime -> org.hibernate.type.BasicTypeReference@47a22020
2025-12-08T23:38:35.800+09:00 DEBUG 12060 --- [order-service] [           main] org.hibernate.type.BasicTypeRegistry     : Adding type registration OffsetTimeUtc -> org.hibernate.type.BasicTypeReference@cf822a6
2025-12-08T23:38:35.801+09:00 DEBUG 12060 --- [order-service] [           main] org.hibernate.type.BasicTypeRegistry     : Adding type registration OffsetTimeWithTimezone -> org.hibernate.type.BasicTypeReference@2fb36d8d
2025-12-08T23:38:35.801+09:00 DEBUG 12060 --- [order-service] [           main] org.hibernate.type.BasicTypeRegistry     : Adding type registration OffsetTimeWithoutTimezone -> org.hibernate.type.BasicTypeReference@35eac1dd
2025-12-08T23:38:35.801+09:00 DEBUG 12060 --- [order-service] [           main] org.hibernate.type.BasicTypeRegistry     : Adding type registration ZonedDateTime -> org.hibernate.type.BasicTypeReference@639f5460
2025-12-08T23:38:35.801+09:00 DEBUG 12060 --- [order-service] [           main] org.hibernate.type.BasicTypeRegistry     : Adding type registration java.time.ZonedDateTime -> org.hibernate.type.BasicTypeReference@639f5460
2025-12-08T23:38:35.801+09:00 DEBUG 12060 --- [order-service] [           main] org.hibernate.type.BasicTypeRegistry     : Adding type registration ZonedDateTimeWithTimezone -> org.hibernate.type.BasicTypeReference@2e3fa7a7
2025-12-08T23:38:35.801+09:00 DEBUG 12060 --- [order-service] [           main] org.hibernate.type.BasicTypeRegistry     : Adding type registration ZonedDateTimeWithoutTimezone -> org.hibernate.type.BasicTypeReference@1a5478e8
2025-12-08T23:38:35.801+09:00 DEBUG 12060 --- [order-service] [           main] org.hibernate.type.BasicTypeRegistry     : Adding type registration date -> org.hibernate.type.BasicTypeReference@7953a656
2025-12-08T23:38:35.801+09:00 DEBUG 12060 --- [order-service] [           main] org.hibernate.type.BasicTypeRegistry     : Adding type registration java.sql.Date -> org.hibernate.type.BasicTypeReference@7953a656
2025-12-08T23:38:35.801+09:00 DEBUG 12060 --- [order-service] [           main] org.hibernate.type.BasicTypeRegistry     : Adding type registration time -> org.hibernate.type.BasicTypeReference@60f6c148
2025-12-08T23:38:35.801+09:00 DEBUG 12060 --- [order-service] [           main] org.hibernate.type.BasicTypeRegistry     : Adding type registration java.sql.Time -> org.hibernate.type.BasicTypeReference@60f6c148
2025-12-08T23:38:35.801+09:00 DEBUG 12060 --- [order-service] [           main] org.hibernate.type.BasicTypeRegistry     : Adding type registration timestamp -> org.hibernate.type.BasicTypeReference@3327406e
2025-12-08T23:38:35.801+09:00 DEBUG 12060 --- [order-service] [           main] org.hibernate.type.BasicTypeRegistry     : Adding type registration java.sql.Timestamp -> org.hibernate.type.BasicTypeReference@3327406e
2025-12-08T23:38:35.801+09:00 DEBUG 12060 --- [order-service] [           main] org.hibernate.type.BasicTypeRegistry     : Adding type registration java.util.Date -> org.hibernate.type.BasicTypeReference@3327406e
2025-12-08T23:38:35.801+09:00 DEBUG 12060 --- [order-service] [           main] org.hibernate.type.BasicTypeRegistry     : Adding type registration calendar -> org.hibernate.type.BasicTypeReference@a8dedda
2025-12-08T23:38:35.801+09:00 DEBUG 12060 --- [order-service] [           main] org.hibernate.type.BasicTypeRegistry     : Adding type registration java.util.Calendar -> org.hibernate.type.BasicTypeReference@a8dedda
2025-12-08T23:38:35.801+09:00 DEBUG 12060 --- [order-service] [           main] org.hibernate.type.BasicTypeRegistry     : Adding type registration java.util.GregorianCalendar -> org.hibernate.type.BasicTypeReference@a8dedda
2025-12-08T23:38:35.801+09:00 DEBUG 12060 --- [order-service] [           main] org.hibernate.type.BasicTypeRegistry     : Adding type registration calendar_date -> org.hibernate.type.BasicTypeReference@6e089bcb
2025-12-08T23:38:35.801+09:00 DEBUG 12060 --- [order-service] [           main] org.hibernate.type.BasicTypeRegistry     : Adding type registration calendar_time -> org.hibernate.type.BasicTypeReference@38a2fbc3
2025-12-08T23:38:35.801+09:00 DEBUG 12060 --- [order-service] [           main] org.hibernate.type.BasicTypeRegistry     : Adding type registration instant -> org.hibernate.type.BasicTypeReference@318ff889
2025-12-08T23:38:35.801+09:00 DEBUG 12060 --- [order-service] [           main] org.hibernate.type.BasicTypeRegistry     : Adding type registration java.time.Instant -> org.hibernate.type.BasicTypeReference@318ff889
2025-12-08T23:38:35.801+09:00 DEBUG 12060 --- [order-service] [           main] org.hibernate.type.BasicTypeRegistry     : Adding type registration uuid -> org.hibernate.type.BasicTypeReference@5409305f
2025-12-08T23:38:35.801+09:00 DEBUG 12060 --- [order-service] [           main] org.hibernate.type.BasicTypeRegistry     : Adding type registration java.util.UUID -> org.hibernate.type.BasicTypeReference@5409305f
2025-12-08T23:38:35.801+09:00 DEBUG 12060 --- [order-service] [           main] org.hibernate.type.BasicTypeRegistry     : Adding type registration pg-uuid -> org.hibernate.type.BasicTypeReference@5409305f
2025-12-08T23:38:35.801+09:00 DEBUG 12060 --- [order-service] [           main] org.hibernate.type.BasicTypeRegistry     : Adding type registration uuid-binary -> org.hibernate.type.BasicTypeReference@7e753fd6
2025-12-08T23:38:35.801+09:00 DEBUG 12060 --- [order-service] [           main] org.hibernate.type.BasicTypeRegistry     : Adding type registration uuid-char -> org.hibernate.type.BasicTypeReference@51a6af38
2025-12-08T23:38:35.801+09:00 DEBUG 12060 --- [order-service] [           main] org.hibernate.type.BasicTypeRegistry     : Adding type registration class -> org.hibernate.type.BasicTypeReference@1f234e35
2025-12-08T23:38:35.801+09:00 DEBUG 12060 --- [order-service] [           main] org.hibernate.type.BasicTypeRegistry     : Adding type registration java.lang.Class -> org.hibernate.type.BasicTypeReference@1f234e35
2025-12-08T23:38:35.801+09:00 DEBUG 12060 --- [order-service] [           main] org.hibernate.type.BasicTypeRegistry     : Adding type registration currency -> org.hibernate.type.BasicTypeReference@2350e46
2025-12-08T23:38:35.801+09:00 DEBUG 12060 --- [order-service] [           main] org.hibernate.type.BasicTypeRegistry     : Adding type registration Currency -> org.hibernate.type.BasicTypeReference@2350e46
2025-12-08T23:38:35.801+09:00 DEBUG 12060 --- [order-service] [           main] org.hibernate.type.BasicTypeRegistry     : Adding type registration java.util.Currency -> org.hibernate.type.BasicTypeReference@2350e46
2025-12-08T23:38:35.801+09:00 DEBUG 12060 --- [order-service] [           main] org.hibernate.type.BasicTypeRegistry     : Adding type registration locale -> org.hibernate.type.BasicTypeReference@55691a59
2025-12-08T23:38:35.801+09:00 DEBUG 12060 --- [order-service] [           main] org.hibernate.type.BasicTypeRegistry     : Adding type registration java.util.Locale -> org.hibernate.type.BasicTypeReference@55691a59
2025-12-08T23:38:35.801+09:00 DEBUG 12060 --- [order-service] [           main] org.hibernate.type.BasicTypeRegistry     : Adding type registration serializable -> org.hibernate.type.BasicTypeReference@3152a0a3
2025-12-08T23:38:35.801+09:00 DEBUG 12060 --- [order-service] [           main] org.hibernate.type.BasicTypeRegistry     : Adding type registration java.io.Serializable -> org.hibernate.type.BasicTypeReference@3152a0a3
2025-12-08T23:38:35.801+09:00 DEBUG 12060 --- [order-service] [           main] org.hibernate.type.BasicTypeRegistry     : Adding type registration timezone -> org.hibernate.type.BasicTypeReference@3405025a
2025-12-08T23:38:35.801+09:00 DEBUG 12060 --- [order-service] [           main] org.hibernate.type.BasicTypeRegistry     : Adding type registration java.util.TimeZone -> org.hibernate.type.BasicTypeReference@3405025a
2025-12-08T23:38:35.801+09:00 DEBUG 12060 --- [order-service] [           main] org.hibernate.type.BasicTypeRegistry     : Adding type registration ZoneOffset -> org.hibernate.type.BasicTypeReference@1e686da2
2025-12-08T23:38:35.801+09:00 DEBUG 12060 --- [order-service] [           main] org.hibernate.type.BasicTypeRegistry     : Adding type registration java.time.ZoneOffset -> org.hibernate.type.BasicTypeReference@1e686da2
2025-12-08T23:38:35.801+09:00 DEBUG 12060 --- [order-service] [           main] org.hibernate.type.BasicTypeRegistry     : Adding type registration url -> org.hibernate.type.BasicTypeReference@3ce17e4
2025-12-08T23:38:35.801+09:00 DEBUG 12060 --- [order-service] [           main] org.hibernate.type.BasicTypeRegistry     : Adding type registration java.net.URL -> org.hibernate.type.BasicTypeReference@3ce17e4
2025-12-08T23:38:35.801+09:00 DEBUG 12060 --- [order-service] [           main] org.hibernate.type.BasicTypeRegistry     : Adding type registration vector -> org.hibernate.type.BasicTypeReference@27bde886
2025-12-08T23:38:35.801+09:00 DEBUG 12060 --- [order-service] [           main] org.hibernate.type.BasicTypeRegistry     : Adding type registration float_vector -> org.hibernate.type.BasicTypeReference@3b3639f9
2025-12-08T23:38:35.801+09:00 DEBUG 12060 --- [order-service] [           main] org.hibernate.type.BasicTypeRegistry     : Adding type registration double_vector -> org.hibernate.type.BasicTypeReference@66ee4640
2025-12-08T23:38:35.801+09:00 DEBUG 12060 --- [order-service] [           main] org.hibernate.type.BasicTypeRegistry     : Adding type registration byte_vector -> org.hibernate.type.BasicTypeReference@156c1c4e
2025-12-08T23:38:35.801+09:00 DEBUG 12060 --- [order-service] [           main] org.hibernate.type.BasicTypeRegistry     : Adding type registration row_version -> org.hibernate.type.BasicTypeReference@5ddd3fbd
2025-12-08T23:38:35.801+09:00 DEBUG 12060 --- [order-service] [           main] org.hibernate.type.BasicTypeRegistry     : Adding type registration object -> org.hibernate.type.JavaObjectType@74a680d3
2025-12-08T23:38:35.801+09:00 DEBUG 12060 --- [order-service] [           main] org.hibernate.type.BasicTypeRegistry     : Adding type registration java.lang.Object -> org.hibernate.type.JavaObjectType@74a680d3
2025-12-08T23:38:35.801+09:00 DEBUG 12060 --- [order-service] [           main] org.hibernate.type.BasicTypeRegistry     : Adding type registration null -> org.hibernate.type.NullType@7b2f18cd
2025-12-08T23:38:35.801+09:00 DEBUG 12060 --- [order-service] [           main] org.hibernate.type.BasicTypeRegistry     : Adding type registration imm_date -> org.hibernate.type.BasicTypeReference@c718cdb
2025-12-08T23:38:35.801+09:00 DEBUG 12060 --- [order-service] [           main] org.hibernate.type.BasicTypeRegistry     : Adding type registration imm_time -> org.hibernate.type.BasicTypeReference@30397a23
2025-12-08T23:38:35.801+09:00 DEBUG 12060 --- [order-service] [           main] org.hibernate.type.BasicTypeRegistry     : Adding type registration imm_timestamp -> org.hibernate.type.BasicTypeReference@ce73f57
2025-12-08T23:38:35.801+09:00 DEBUG 12060 --- [order-service] [           main] org.hibernate.type.BasicTypeRegistry     : Adding type registration imm_calendar -> org.hibernate.type.BasicTypeReference@4144b6fb
2025-12-08T23:38:35.801+09:00 DEBUG 12060 --- [order-service] [           main] org.hibernate.type.BasicTypeRegistry     : Adding type registration imm_calendar_date -> org.hibernate.type.BasicTypeReference@4153ed5c
2025-12-08T23:38:35.801+09:00 DEBUG 12060 --- [order-service] [           main] org.hibernate.type.BasicTypeRegistry     : Adding type registration imm_calendar_time -> org.hibernate.type.BasicTypeReference@3ac07f37
2025-12-08T23:38:35.801+09:00 DEBUG 12060 --- [order-service] [           main] org.hibernate.type.BasicTypeRegistry     : Adding type registration imm_binary -> org.hibernate.type.BasicTypeReference@f68f2bf
2025-12-08T23:38:35.801+09:00 DEBUG 12060 --- [order-service] [           main] org.hibernate.type.BasicTypeRegistry     : Adding type registration imm_serializable -> org.hibernate.type.BasicTypeReference@6b7f6ec7
2025-12-08T23:38:35.806+09:00  INFO 12060 --- [order-service] [           main] o.s.o.j.p.SpringPersistenceUnitInfo      : No LoadTimeWeaver setup: ignoring JPA class transformer
2025-12-08T23:38:35.806+09:00  WARN 12060 --- [order-service] [           main] org.hibernate.orm.deprecation            : HHH90000025: H2Dialect does not need to be specified explicitly using 'hibernate.dialect' (remove the property setting and it will be selected by default)
2025-12-08T23:38:35.807+09:00  INFO 12060 --- [order-service] [           main] org.hibernate.orm.connections.pooling    : HHH10001005: Database info:
	Database JDBC URL [Connecting through datasource 'org.springframework.jdbc.datasource.embedded.EmbeddedDatabaseFactory$EmbeddedDataSourceProxy@698edda3']
	Database driver: undefined/unknown
	Database version: 2.3.232
	Autocommit mode: undefined/unknown
	Isolation level: undefined/unknown
	Minimum pool size: undefined/unknown
	Maximum pool size: undefined/unknown
2025-12-08T23:38:35.807+09:00 DEBUG 12060 --- [order-service] [           main] o.h.t.d.jdbc.spi.JdbcTypeRegistry        : addDescriptor(NCharTypeDescriptor) replaced previous registration(CharTypeDescriptor)
2025-12-08T23:38:35.807+09:00 DEBUG 12060 --- [order-service] [           main] o.h.t.d.jdbc.spi.JdbcTypeRegistry        : addDescriptor(NVarcharTypeDescriptor) replaced previous registration(VarcharTypeDescriptor)
2025-12-08T23:38:35.807+09:00 DEBUG 12060 --- [order-service] [           main] o.h.t.d.jdbc.spi.JdbcTypeRegistry        : addDescriptor(LongNVarcharTypeDescriptor) replaced previous registration(LongVarcharTypeDescriptor)
2025-12-08T23:38:35.807+09:00 DEBUG 12060 --- [order-service] [           main] o.h.t.d.jdbc.spi.JdbcTypeRegistry        : addDescriptor(NClobTypeDescriptor(DEFAULT)) replaced previous registration(ClobTypeDescriptor(DEFAULT))
2025-12-08T23:38:35.807+09:00 DEBUG 12060 --- [order-service] [           main] o.h.t.d.jdbc.spi.JdbcTypeRegistry        : addDescriptor(TimestampUtcDescriptor) replaced previous registration(TimestampUtcDescriptor)
2025-12-08T23:38:35.807+09:00 DEBUG 12060 --- [order-service] [           main] org.hibernate.type.BasicTypeRegistry     : Adding type registration org.hibernate.type.DurationType -> basicType@142(java.time.Duration,3015)
2025-12-08T23:38:35.807+09:00 DEBUG 12060 --- [order-service] [           main] org.hibernate.type.BasicTypeRegistry     : Adding type registration Duration -> basicType@142(java.time.Duration,3015)
2025-12-08T23:38:35.807+09:00 DEBUG 12060 --- [order-service] [           main] org.hibernate.type.BasicTypeRegistry     : Adding type registration java.time.Duration -> basicType@142(java.time.Duration,3015)
2025-12-08T23:38:35.807+09:00 DEBUG 12060 --- [order-service] [           main] o.h.type.spi.TypeConfiguration$Scope     : Scoping TypeConfiguration [org.hibernate.type.spi.TypeConfiguration@2c4d0706] to MetadataBuildingContext [org.hibernate.boot.internal.MetadataBuildingContextRootImpl@5037fb9a]
2025-12-08T23:38:35.850+09:00  INFO 12060 --- [order-service] [           main] o.h.e.t.j.p.i.JtaPlatformInitiator       : HHH000489: No JTA platform available (set 'hibernate.transaction.jta.platform' to enable JTA platform integration)
2025-12-08T23:38:35.851+09:00 DEBUG 12060 --- [order-service] [           main] o.h.type.spi.TypeConfiguration$Scope     : Scoping TypeConfiguration [org.hibernate.type.spi.TypeConfiguration@2c4d0706] to SessionFactoryImplementor [org.hibernate.internal.SessionFactoryImpl@5834013c]
&amp#27;[35m[Hibernate]&amp#27;[0m 
    &amp#27;[34mdrop&amp#27;[0m &amp#27;[34mtable&amp#27;[0m &amp#27;[34mif&amp#27;[0m &amp#27;[34mexists&amp#27;[0m &amp#27;[32m"delivery_policy"&amp#27;[0m &amp#27;[34mcascade&amp#27;[0m 
&amp#27;[35m[Hibernate]&amp#27;[0m 
    &amp#27;[34mdrop&amp#27;[0m &amp#27;[34mtable&amp#27;[0m &amp#27;[34mif&amp#27;[0m &amp#27;[34mexists&amp#27;[0m &amp#27;[32m"order"&amp#27;[0m &amp#27;[34mcascade&amp#27;[0m 
&amp#27;[35m[Hibernate]&amp#27;[0m 
    &amp#27;[34mdrop&amp#27;[0m &amp#27;[34mtable&amp#27;[0m &amp#27;[34mif&amp#27;[0m &amp#27;[34mexists&amp#27;[0m &amp#27;[32m"order_item"&amp#27;[0m &amp#27;[34mcascade&amp#27;[0m 
&amp#27;[35m[Hibernate]&amp#27;[0m 
    &amp#27;[34mdrop&amp#27;[0m &amp#27;[34mtable&amp#27;[0m &amp#27;[34mif&amp#27;[0m &amp#27;[34mexists&amp#27;[0m &amp#27;[32m"packaging"&amp#27;[0m &amp#27;[34mcascade&amp#27;[0m 
&amp#27;[35m[Hibernate]&amp#27;[0m 
    &amp#27;[34mdrop&amp#27;[0m &amp#27;[34mtable&amp#27;[0m &amp#27;[34mif&amp#27;[0m &amp#27;[34mexists&amp#27;[0m &amp#27;[32m"non_member_order_item_refund_saga"&amp#27;[0m &amp#27;[34mcascade&amp#27;[0m 
&amp#27;[35m[Hibernate]&amp#27;[0m 
    &amp#27;[34mdrop&amp#27;[0m &amp#27;[34mtable&amp#27;[0m &amp#27;[34mif&amp#27;[0m &amp#27;[34mexists&amp#27;[0m &amp#27;[32m"order_cancel_saga"&amp#27;[0m &amp#27;[34mcascade&amp#27;[0m 
&amp#27;[35m[Hibernate]&amp#27;[0m 
    &amp#27;[34mdrop&amp#27;[0m &amp#27;[34mtable&amp#27;[0m &amp#27;[34mif&amp#27;[0m &amp#27;[34mexists&amp#27;[0m &amp#27;[32m"order_create_saga"&amp#27;[0m &amp#27;[34mcascade&amp#27;[0m 
&amp#27;[35m[Hibernate]&amp#27;[0m 
    &amp#27;[34mdrop&amp#27;[0m &amp#27;[34mtable&amp#27;[0m &amp#27;[34mif&amp#27;[0m &amp#27;[34mexists&amp#27;[0m &amp#27;[32m"order_item_refund_saga"&amp#27;[0m &amp#27;[34mcascade&amp#27;[0m 
&amp#27;[35m[Hibernate]&amp#27;[0m 
    &amp#27;[34mdrop&amp#27;[0m &amp#27;[34mtable&amp#27;[0m &amp#27;[34mif&amp#27;[0m &amp#27;[34mexists&amp#27;[0m &amp#27;[32m"payment"&amp#27;[0m &amp#27;[34mcascade&amp#27;[0m 
&amp#27;[35m[Hibernate]&amp#27;[0m 
    &amp#27;[34mcreate&amp#27;[0m &amp#27;[34mtable&amp#27;[0m &amp#27;[32m"delivery_policy"&amp#27;[0m (
        &amp#27;[32m"deliverypolicy_fee"&amp#27;[0m &amp#27;[34minteger&amp#27;[0m,
        &amp#27;[32m"deliverypolicy_threshold"&amp#27;[0m &amp#27;[34minteger&amp#27;[0m,
        &amp#27;[32m"deliverypolicy_id"&amp#27;[0m &amp#27;[34mbigint&amp#27;[0m generated &amp#27;[34mby&amp#27;[0m &amp#27;[34mdefault&amp#27;[0m &amp#27;[34mas&amp#27;[0m &amp#27;[34midentity&amp#27;[0m,
        &amp#27;[34mprimary&amp#27;[0m &amp#27;[34mkey&amp#27;[0m (&amp#27;[32m"deliverypolicy_id"&amp#27;[0m)
    )
&amp#27;[35m[Hibernate]&amp#27;[0m 
    &amp#27;[34mcreate&amp#27;[0m &amp#27;[34mtable&amp#27;[0m &amp#27;[32m"order"&amp#27;[0m (
        &amp#27;[32m"delivery_fee"&amp#27;[0m &amp#27;[34minteger&amp#27;[0m,
        &amp#27;[32m"origin_price"&amp#27;[0m &amp#27;[34minteger&amp#27;[0m,
        &amp#27;[32m"point_usage"&amp#27;[0m &amp#27;[34minteger&amp#27;[0m,
        &amp#27;[32m"total_price"&amp#27;[0m &amp#27;[34minteger&amp#27;[0m,
        &amp#27;[32m"coupon_id"&amp#27;[0m &amp#27;[34mbigint&amp#27;[0m,
        &amp#27;[32m"created_at"&amp#27;[0m &amp#27;[34mtimestamp&amp#27;[0m(6),
        &amp#27;[32m"delivery_date"&amp#27;[0m &amp#27;[34mtimestamp&amp#27;[0m(6),
        &amp#27;[32m"member_id"&amp#27;[0m &amp#27;[34mbigint&amp#27;[0m,
        &amp#27;[32m"order_date"&amp#27;[0m &amp#27;[34mtimestamp&amp#27;[0m(6),
        &amp#27;[32m"order_id"&amp#27;[0m &amp#27;[34mbigint&amp#27;[0m generated &amp#27;[34mby&amp#27;[0m &amp#27;[34mdefault&amp#27;[0m &amp#27;[34mas&amp#27;[0m &amp#27;[34midentity&amp#27;[0m,
        &amp#27;[32m"updated_at"&amp#27;[0m &amp#27;[34mtimestamp&amp#27;[0m(6),
        &amp#27;[32m"non_member_password"&amp#27;[0m &amp#27;[34mvarchar&amp#27;[0m(255),
        &amp#27;[32m"order_number"&amp#27;[0m &amp#27;[34mvarchar&amp#27;[0m(255),
        &amp#27;[32m"orderer_contact"&amp#27;[0m &amp#27;[34mvarchar&amp#27;[0m(255),
        &amp#27;[32m"orderer_name"&amp#27;[0m &amp#27;[34mvarchar&amp#27;[0m(255),
        &amp#27;[32m"receiver_address"&amp#27;[0m &amp#27;[34mvarchar&amp#27;[0m(255),
        &amp#27;[32m"receiver_contact"&amp#27;[0m &amp#27;[34mvarchar&amp#27;[0m(255),
        &amp#27;[32m"receiver_name"&amp#27;[0m &amp#27;[34mvarchar&amp#27;[0m(255),
        &amp#27;[32m"shipping_post_code"&amp#27;[0m &amp#27;[34mvarchar&amp#27;[0m(255),
        &amp#27;[32m"order_status"&amp#27;[0m enum (&amp#27;[36m'CANCELED'&amp#27;[0m,&amp#27;[36m'CANCELING'&amp#27;[0m,&amp#27;[36m'COMPLETED'&amp#27;[0m,&amp#27;[36m'CREATING'&amp#27;[0m,&amp#27;[36m'CREATION_FAILED'&amp#27;[0m,&amp#27;[36m'PENDING'&amp#27;[0m),
        &amp#27;[34mprimary&amp#27;[0m &amp#27;[34mkey&amp#27;[0m (&amp#27;[32m"order_id"&amp#27;[0m)
    )
&amp#27;[35m[Hibernate]&amp#27;[0m 
    &amp#27;[34mcreate&amp#27;[0m &amp#27;[34mtable&amp#27;[0m &amp#27;[32m"order_item"&amp#27;[0m (
        &amp#27;[32m"packaging_price"&amp#27;[0m &amp#27;[34minteger&amp#27;[0m,
        &amp#27;[32m"price"&amp#27;[0m &amp#27;[34minteger&amp#27;[0m,
        &amp#27;[32m"quantity"&amp#27;[0m &amp#27;[34minteger&amp#27;[0m &amp#27;[34mnot&amp#27;[0m &amp#27;[34mnull&amp#27;[0m,
        &amp#27;[32m"book_id"&amp#27;[0m &amp#27;[34mbigint&amp#27;[0m,
        &amp#27;[32m"created_at"&amp#27;[0m &amp#27;[34mtimestamp&amp#27;[0m(6),
        &amp#27;[32m"order_id"&amp#27;[0m &amp#27;[34mbigint&amp#27;[0m &amp#27;[34mnot&amp#27;[0m &amp#27;[34mnull&amp#27;[0m,
        &amp#27;[32m"orderitem_id"&amp#27;[0m &amp#27;[34mbigint&amp#27;[0m generated &amp#27;[34mby&amp#27;[0m &amp#27;[34mdefault&amp#27;[0m &amp#27;[34mas&amp#27;[0m &amp#27;[34midentity&amp#27;[0m,
        &amp#27;[32m"shipping_date"&amp#27;[0m &amp#27;[34mtimestamp&amp#27;[0m(6),
        &amp#27;[32m"updated_at"&amp#27;[0m &amp#27;[34mtimestamp&amp#27;[0m(6),
        &amp#27;[32m"book_name"&amp#27;[0m &amp#27;[34mvarchar&amp#27;[0m(255),
        &amp#27;[32m"orderitem_status"&amp#27;[0m enum (&amp#27;[36m'CANCELED'&amp#27;[0m,&amp#27;[36m'CONFIRMED'&amp#27;[0m,&amp#27;[36m'DELIVERED'&amp#27;[0m,&amp#27;[36m'PREPARING'&amp#27;[0m,&amp#27;[36m'RETURNED'&amp#27;[0m,&amp#27;[36m'RETURN_REQUESTED_CHANGE_OF_MIND'&amp#27;[0m,&amp#27;[36m'RETURN_REQUESTED_DAMAGED'&amp#27;[0m,&amp#27;[36m'SHIPPED'&amp#27;[0m),
        &amp#27;[34mprimary&amp#27;[0m &amp#27;[34mkey&amp#27;[0m (&amp#27;[32m"orderitem_id"&amp#27;[0m)
    )
&amp#27;[35m[Hibernate]&amp#27;[0m 
    &amp#27;[34mcreate&amp#27;[0m &amp#27;[34mtable&amp#27;[0m &amp#27;[32m"packaging"&amp#27;[0m (
        &amp#27;[32m"packaging_price"&amp#27;[0m &amp#27;[34minteger&amp#27;[0m,
        &amp#27;[32m"packaging_id"&amp#27;[0m &amp#27;[34mbigint&amp#27;[0m generated &amp#27;[34mby&amp#27;[0m &amp#27;[34mdefault&amp#27;[0m &amp#27;[34mas&amp#27;[0m &amp#27;[34midentity&amp#27;[0m,
        &amp#27;[32m"packaging_type"&amp#27;[0m &amp#27;[34mvarchar&amp#27;[0m(255),
        &amp#27;[34mprimary&amp#27;[0m &amp#27;[34mkey&amp#27;[0m (&amp#27;[32m"packaging_id"&amp#27;[0m)
    )
&amp#27;[35m[Hibernate]&amp#27;[0m 
    &amp#27;[34mcreate&amp#27;[0m &amp#27;[34mtable&amp#27;[0m &amp#27;[32m"non_member_order_item_refund_saga"&amp#27;[0m (
        &amp#27;[32m"bridged"&amp#27;[0m &amp#27;[34mboolean&amp#27;[0m &amp#27;[34mnot&amp#27;[0m &amp#27;[34mnull&amp#27;[0m,
        &amp#27;[32m"created_at"&amp#27;[0m &amp#27;[34mtimestamp&amp#27;[0m(6),
        &amp#27;[32m"order_id"&amp#27;[0m &amp#27;[34mbigint&amp#27;[0m &amp#27;[34mnot&amp#27;[0m &amp#27;[34mnull&amp#27;[0m,
        &amp#27;[32m"order_item_id"&amp#27;[0m &amp#27;[34mbigint&amp#27;[0m &amp#27;[34mnot&amp#27;[0m &amp#27;[34mnull&amp#27;[0m,
        &amp#27;[32m"updated_at"&amp#27;[0m &amp#27;[34mtimestamp&amp#27;[0m(6),
        &amp#27;[32m"saga_id"&amp#27;[0m uuid &amp#27;[34mnot&amp#27;[0m &amp#27;[34mnull&amp#27;[0m,
        &amp#27;[32m"last_completed_step"&amp#27;[0m enum (&amp#27;[36m'PAYMENT_REFUNDED'&amp#27;[0m,&amp#27;[36m'STARTED'&amp#27;[0m,&amp#27;[36m'STOCK_INCREASED'&amp#27;[0m),
        &amp#27;[32m"overall_status"&amp#27;[0m enum (&amp#27;[36m'COMPENSATED'&amp#27;[0m,&amp#27;[36m'COMPLETED'&amp#27;[0m,&amp#27;[36m'COMPLETED_COMPENSATED'&amp#27;[0m,&amp#27;[36m'FAILED'&amp#27;[0m,&amp#27;[36m'PROGRESS'&amp#27;[0m),
        &amp#27;[34mprimary&amp#27;[0m &amp#27;[34mkey&amp#27;[0m (&amp#27;[32m"saga_id"&amp#27;[0m)
    )
&amp#27;[35m[Hibernate]&amp#27;[0m 
    &amp#27;[34mcreate&amp#27;[0m &amp#27;[34mtable&amp#27;[0m &amp#27;[32m"order_cancel_saga"&amp#27;[0m (
        &amp#27;[32m"bridged"&amp#27;[0m &amp#27;[34mboolean&amp#27;[0m &amp#27;[34mnot&amp#27;[0m &amp#27;[34mnull&amp#27;[0m,
        &amp#27;[32m"created_at"&amp#27;[0m &amp#27;[34mtimestamp&amp#27;[0m(6),
        &amp#27;[32m"order_id"&amp#27;[0m &amp#27;[34mbigint&amp#27;[0m &amp#27;[34mnot&amp#27;[0m &amp#27;[34mnull&amp#27;[0m,
        &amp#27;[32m"updated_at"&amp#27;[0m &amp#27;[34mtimestamp&amp#27;[0m(6),
        &amp#27;[32m"saga_id"&amp#27;[0m uuid &amp#27;[34mnot&amp#27;[0m &amp#27;[34mnull&amp#27;[0m,
        &amp#27;[32m"last_completed_step"&amp#27;[0m enum (&amp#27;[36m'COUPON_RESTORED'&amp#27;[0m,&amp#27;[36m'PAYMENT_CANCELED'&amp#27;[0m,&amp#27;[36m'POINT_REFUNDED'&amp#27;[0m,&amp#27;[36m'STARTED'&amp#27;[0m,&amp#27;[36m'STOCK_INCREASED'&amp#27;[0m),
        &amp#27;[32m"overall_status"&amp#27;[0m enum (&amp#27;[36m'COMPENSATED'&amp#27;[0m,&amp#27;[36m'COMPLETED'&amp#27;[0m,&amp#27;[36m'COMPLETED_COMPENSATED'&amp#27;[0m,&amp#27;[36m'FAILED'&amp#27;[0m,&amp#27;[36m'PROGRESS'&amp#27;[0m),
        &amp#27;[34mprimary&amp#27;[0m &amp#27;[34mkey&amp#27;[0m (&amp#27;[32m"saga_id"&amp#27;[0m)
    )
&amp#27;[35m[Hibernate]&amp#27;[0m 
    &amp#27;[34mcreate&amp#27;[0m &amp#27;[34mtable&amp#27;[0m &amp#27;[32m"order_create_saga"&amp#27;[0m (
        &amp#27;[32m"bridged"&amp#27;[0m &amp#27;[34mboolean&amp#27;[0m &amp#27;[34mnot&amp#27;[0m &amp#27;[34mnull&amp#27;[0m,
        &amp#27;[32m"created_at"&amp#27;[0m &amp#27;[34mtimestamp&amp#27;[0m(6),
        &amp#27;[32m"order_id"&amp#27;[0m &amp#27;[34mbigint&amp#27;[0m &amp#27;[34mnot&amp#27;[0m &amp#27;[34mnull&amp#27;[0m,
        &amp#27;[32m"updated_at"&amp#27;[0m &amp#27;[34mtimestamp&amp#27;[0m(6),
        &amp#27;[32m"saga_id"&amp#27;[0m uuid &amp#27;[34mnot&amp#27;[0m &amp#27;[34mnull&amp#27;[0m,
        &amp#27;[32m"last_completed_step"&amp#27;[0m enum (&amp#27;[36m'COUPON_APPLIED'&amp#27;[0m,&amp#27;[36m'COUPON_APPLYING'&amp#27;[0m,&amp#27;[36m'POINT_USED'&amp#27;[0m,&amp#27;[36m'POINT_USING'&amp#27;[0m,&amp#27;[36m'STARTED'&amp#27;[0m,&amp#27;[36m'STOCK_DECREASED'&amp#27;[0m,&amp#27;[36m'STOCK_DECREASING'&amp#27;[0m),
        &amp#27;[32m"overall_status"&amp#27;[0m enum (&amp#27;[36m'COMPENSATED'&amp#27;[0m,&amp#27;[36m'COMPLETED'&amp#27;[0m,&amp#27;[36m'COMPLETED_COMPENSATED'&amp#27;[0m,&amp#27;[36m'FAILED'&amp#27;[0m,&amp#27;[36m'PROGRESS'&amp#27;[0m),
        &amp#27;[34mprimary&amp#27;[0m &amp#27;[34mkey&amp#27;[0m (&amp#27;[32m"saga_id"&amp#27;[0m)
    )
&amp#27;[35m[Hibernate]&amp#27;[0m 
    &amp#27;[34mcreate&amp#27;[0m &amp#27;[34mtable&amp#27;[0m &amp#27;[32m"order_item_refund_saga"&amp#27;[0m (
        &amp#27;[32m"bridged"&amp#27;[0m &amp#27;[34mboolean&amp#27;[0m &amp#27;[34mnot&amp#27;[0m &amp#27;[34mnull&amp#27;[0m,
        &amp#27;[32m"created_at"&amp#27;[0m &amp#27;[34mtimestamp&amp#27;[0m(6),
        &amp#27;[32m"order_id"&amp#27;[0m &amp#27;[34mbigint&amp#27;[0m &amp#27;[34mnot&amp#27;[0m &amp#27;[34mnull&amp#27;[0m,
        &amp#27;[32m"order_item_id"&amp#27;[0m &amp#27;[34mbigint&amp#27;[0m &amp#27;[34mnot&amp#27;[0m &amp#27;[34mnull&amp#27;[0m,
        &amp#27;[32m"updated_at"&amp#27;[0m &amp#27;[34mtimestamp&amp#27;[0m(6),
        &amp#27;[32m"saga_id"&amp#27;[0m uuid &amp#27;[34mnot&amp#27;[0m &amp#27;[34mnull&amp#27;[0m,
        &amp#27;[32m"last_completed_step"&amp#27;[0m enum (&amp#27;[36m'POINT_REFUNDED'&amp#27;[0m,&amp#27;[36m'STARTED'&amp#27;[0m,&amp#27;[36m'STOCK_INCREASED'&amp#27;[0m),
        &amp#27;[32m"overall_status"&amp#27;[0m enum (&amp#27;[36m'COMPENSATED'&amp#27;[0m,&amp#27;[36m'COMPLETED'&amp#27;[0m,&amp#27;[36m'COMPLETED_COMPENSATED'&amp#27;[0m,&amp#27;[36m'FAILED'&amp#27;[0m,&amp#27;[36m'PROGRESS'&amp#27;[0m),
        &amp#27;[34mprimary&amp#27;[0m &amp#27;[34mkey&amp#27;[0m (&amp#27;[32m"saga_id"&amp#27;[0m)
    )
&amp#27;[35m[Hibernate]&amp#27;[0m 
    &amp#27;[34mcreate&amp#27;[0m &amp#27;[34mtable&amp#27;[0m &amp#27;[32m"payment"&amp#27;[0m (
        &amp#27;[32m"balance_amount"&amp#27;[0m &amp#27;[34minteger&amp#27;[0m,
        &amp#27;[32m"total_amount"&amp#27;[0m &amp#27;[34minteger&amp#27;[0m,
        &amp#27;[32m"order_id"&amp#27;[0m &amp#27;[34mbigint&amp#27;[0m &amp#27;[34mnot&amp#27;[0m &amp#27;[34mnull&amp#27;[0m &amp#27;[34munique&amp#27;[0m,
        &amp#27;[32m"payment_approved_at"&amp#27;[0m &amp#27;[34mtimestamp&amp#27;[0m(6),
        &amp#27;[32m"payment_id"&amp#27;[0m &amp#27;[34mbigint&amp#27;[0m generated &amp#27;[34mby&amp#27;[0m &amp#27;[34mdefault&amp#27;[0m &amp#27;[34mas&amp#27;[0m &amp#27;[34midentity&amp#27;[0m,
        &amp#27;[32m"payment_requested_at"&amp#27;[0m &amp#27;[34mtimestamp&amp#27;[0m(6),
        &amp#27;[32m"payment_key"&amp#27;[0m &amp#27;[34mvarchar&amp#27;[0m(255),
        &amp#27;[32m"payment_receipt"&amp#27;[0m &amp#27;[34mvarchar&amp#27;[0m(255),
        &amp#27;[32m"payment_status"&amp#27;[0m enum (&amp#27;[36m'CANCELED'&amp#27;[0m,&amp#27;[36m'DONE'&amp#27;[0m,&amp#27;[36m'PARTIAL_CANCELED'&amp#27;[0m) &amp#27;[34mnot&amp#27;[0m &amp#27;[34mnull&amp#27;[0m,
        &amp#27;[34mprimary&amp#27;[0m &amp#27;[34mkey&amp#27;[0m (&amp#27;[32m"payment_id"&amp#27;[0m)
    )
&amp#27;[35m[Hibernate]&amp#27;[0m 
    &amp#27;[34malter&amp#27;[0m &amp#27;[34mtable&amp#27;[0m &amp#27;[34mif&amp#27;[0m &amp#27;[34mexists&amp#27;[0m &amp#27;[32m"order_item"&amp#27;[0m 
       &amp#27;[34madd&amp#27;[0m &amp#27;[34mconstraint&amp#27;[0m &amp#27;[32m"FKl1bqqbilx1hdy29vykrqkgu3p"&amp#27;[0m 
       &amp#27;[34mforeign&amp#27;[0m &amp#27;[34mkey&amp#27;[0m (&amp#27;[32m"order_id"&amp#27;[0m) 
       &amp#27;[34mreferences&amp#27;[0m &amp#27;[32m"order"&amp#27;[0m
&amp#27;[35m[Hibernate]&amp#27;[0m 
    &amp#27;[34malter&amp#27;[0m &amp#27;[34mtable&amp#27;[0m &amp#27;[34mif&amp#27;[0m &amp#27;[34mexists&amp#27;[0m &amp#27;[32m"payment"&amp#27;[0m 
       &amp#27;[34madd&amp#27;[0m &amp#27;[34mconstraint&amp#27;[0m &amp#27;[32m"FK6b0nsdjjc7log0i74wrfp2coo"&amp#27;[0m 
       &amp#27;[34mforeign&amp#27;[0m &amp#27;[34mkey&amp#27;[0m (&amp#27;[32m"order_id"&amp#27;[0m) 
       &amp#27;[34mreferences&amp#27;[0m &amp#27;[32m"order"&amp#27;[0m
2025-12-08T23:38:35.856+09:00 TRACE 12060 --- [order-service] [           main] o.h.type.spi.TypeConfiguration$Scope     : Handling #sessionFactoryCreated from [org.hibernate.internal.SessionFactoryImpl@5834013c] for TypeConfiguration
2025-12-08T23:38:35.856+09:00  INFO 12060 --- [order-service] [           main] j.LocalContainerEntityManagerFactoryBean : Initialized JPA EntityManagerFactory for persistence unit 'default'
2025-12-08T23:38:35.899+09:00  INFO 12060 --- [order-service] [           main] c.n.o.o.r.OrderItemRepositoryTest        : Started OrderItemRepositoryTest in 0.251 seconds (process running for 20.676)
&amp#27;[35m[Hibernate]&amp#27;[0m 
    /* &amp#27;[34minsert&amp#27;[0m &amp#27;[34mfor&amp#27;[0m
        com.nhnacademy.&amp#27;[34morder&amp#27;[0m.&amp#27;[34morder&amp#27;[0m.domain.&amp#27;[34mOrder&amp#27;[0m */&amp#27;[34minsert&amp#27;[0m 
    &amp#27;[34minto&amp#27;[0m
        &amp#27;[32m"order"&amp#27;[0m (&amp#27;[32m"created_at"&amp#27;[0m, &amp#27;[32m"member_id"&amp#27;[0m, &amp#27;[32m"non_member_password"&amp#27;[0m, &amp#27;[32m"order_date"&amp#27;[0m, &amp#27;[32m"shipping_post_code"&amp#27;[0m, &amp#27;[32m"delivery_date"&amp#27;[0m, &amp#27;[32m"delivery_fee"&amp#27;[0m, &amp#27;[32m"point_usage"&amp#27;[0m, &amp#27;[32m"origin_price"&amp#27;[0m, &amp#27;[32m"total_price"&amp#27;[0m, &amp#27;[32m"coupon_id"&amp#27;[0m, &amp#27;[32m"order_number"&amp#27;[0m, &amp#27;[32m"order_status"&amp#27;[0m, &amp#27;[32m"orderer_name"&amp#27;[0m, &amp#27;[32m"orderer_contact"&amp#27;[0m, &amp#27;[32m"receiver_name"&amp#27;[0m, &amp#27;[32m"receiver_contact"&amp#27;[0m, &amp#27;[32m"receiver_address"&amp#27;[0m, &amp#27;[32m"updated_at"&amp#27;[0m, &amp#27;[32m"order_id"&amp#27;[0m) 
    &amp#27;[34mvalues&amp#27;[0m
        (?, ?, ?, ?, ?, ?, ?, ?, ?, ?, ?, ?, ?, ?, ?, ?, ?, ?, ?, &amp#27;[34mdefault&amp#27;[0m)
&amp#27;[35m[Hibernate]&amp#27;[0m 
    /* &amp#27;[34minsert&amp#27;[0m &amp#27;[34mfor&amp#27;[0m
        com.nhnacademy.&amp#27;[34morder&amp#27;[0m.&amp#27;[34morder&amp#27;[0m.domain.&amp#27;[34mOrder&amp#27;[0m */&amp#27;[34minsert&amp#27;[0m 
    &amp#27;[34minto&amp#27;[0m
        &amp#27;[32m"order"&amp#27;[0m (&amp#27;[32m"created_at"&amp#27;[0m, &amp#27;[32m"member_id"&amp#27;[0m, &amp#27;[32m"non_member_password"&amp#27;[0m, &amp#27;[32m"order_date"&amp#27;[0m, &amp#27;[32m"shipping_post_code"&amp#27;[0m, &amp#27;[32m"delivery_date"&amp#27;[0m, &amp#27;[32m"delivery_fee"&amp#27;[0m, &amp#27;[32m"point_usage"&amp#27;[0m, &amp#27;[32m"origin_price"&amp#27;[0m, &amp#27;[32m"total_price"&amp#27;[0m, &amp#27;[32m"coupon_id"&amp#27;[0m, &amp#27;[32m"order_number"&amp#27;[0m, &amp#27;[32m"order_status"&amp#27;[0m, &amp#27;[32m"orderer_name"&amp#27;[0m, &amp#27;[32m"orderer_contact"&amp#27;[0m, &amp#27;[32m"receiver_name"&amp#27;[0m, &amp#27;[32m"receiver_contact"&amp#27;[0m, &amp#27;[32m"receiver_address"&amp#27;[0m, &amp#27;[32m"updated_at"&amp#27;[0m, &amp#27;[32m"order_id"&amp#27;[0m) 
    &amp#27;[34mvalues&amp#27;[0m
        (?, ?, ?, ?, ?, ?, ?, ?, ?, ?, ?, ?, ?, ?, ?, ?, ?, ?, ?, &amp#27;[34mdefault&amp#27;[0m)
&amp#27;[35m[Hibernate]&amp#27;[0m 
    /* &amp#27;[34minsert&amp#27;[0m &amp#27;[34mfor&amp#27;[0m
        com.nhnacademy.&amp#27;[34morder&amp#27;[0m.orderitem.domain.OrderItem */&amp#27;[34minsert&amp#27;[0m 
    &amp#27;[34minto&amp#27;[0m
        &amp#27;[32m"order_item"&amp#27;[0m (&amp#27;[32m"book_id"&amp#27;[0m, &amp#27;[32m"book_name"&amp#27;[0m, &amp#27;[32m"created_at"&amp#27;[0m, &amp#27;[32m"order_id"&amp#27;[0m, &amp#27;[32m"orderitem_status"&amp#27;[0m, &amp#27;[32m"packaging_price"&amp#27;[0m, &amp#27;[32m"price"&amp#27;[0m, &amp#27;[32m"quantity"&amp#27;[0m, &amp#27;[32m"shipping_date"&amp#27;[0m, &amp#27;[32m"updated_at"&amp#27;[0m, &amp#27;[32m"orderitem_id"&amp#27;[0m) 
    &amp#27;[34mvalues&amp#27;[0m
        (?, ?, ?, ?, ?, ?, ?, ?, ?, ?, &amp#27;[34mdefault&amp#27;[0m)
&amp#27;[35m[Hibernate]&amp#27;[0m 
    /* &amp#27;[34minsert&amp#27;[0m &amp#27;[34mfor&amp#27;[0m
        com.nhnacademy.&amp#27;[34morder&amp#27;[0m.orderitem.domain.OrderItem */&amp#27;[34minsert&amp#27;[0m 
    &amp#27;[34minto&amp#27;[0m
        &amp#27;[32m"order_item"&amp#27;[0m (&amp#27;[32m"book_id"&amp#27;[0m, &amp#27;[32m"book_name"&amp#27;[0m, &amp#27;[32m"created_at"&amp#27;[0m, &amp#27;[32m"order_id"&amp#27;[0m, &amp#27;[32m"orderitem_status"&amp#27;[0m, &amp#27;[32m"packaging_price"&amp#27;[0m, &amp#27;[32m"price"&amp#27;[0m, &amp#27;[32m"quantity"&amp#27;[0m, &amp#27;[32m"shipping_date"&amp#27;[0m, &amp#27;[32m"updated_at"&amp#27;[0m, &amp#27;[32m"orderitem_id"&amp#27;[0m) 
    &amp#27;[34mvalues&amp#27;[0m
        (?, ?, ?, ?, ?, ?, ?, ?, ?, ?, &amp#27;[34mdefault&amp#27;[0m)
&amp#27;[35m[Hibernate]&amp#27;[0m 
    /* &amp#27;[34minsert&amp#27;[0m &amp#27;[34mfor&amp#27;[0m
        com.nhnacademy.&amp#27;[34morder&amp#27;[0m.orderitem.domain.OrderItem */&amp#27;[34minsert&amp#27;[0m 
    &amp#27;[34minto&amp#27;[0m
        &amp#27;[32m"order_item"&amp#27;[0m (&amp#27;[32m"book_id"&amp#27;[0m, &amp#27;[32m"book_name"&amp#27;[0m, &amp#27;[32m"created_at"&amp#27;[0m, &amp#27;[32m"order_id"&amp#27;[0m, &amp#27;[32m"orderitem_status"&amp#27;[0m, &amp#27;[32m"packaging_price"&amp#27;[0m, &amp#27;[32m"price"&amp#27;[0m, &amp#27;[32m"quantity"&amp#27;[0m, &amp#27;[32m"shipping_date"&amp#27;[0m, &amp#27;[32m"updated_at"&amp#27;[0m, &amp#27;[32m"orderitem_id"&amp#27;[0m) 
    &amp#27;[34mvalues&amp#27;[0m
        (?, ?, ?, ?, ?, ?, ?, ?, ?, ?, &amp#27;[34mdefault&amp#27;[0m)
&amp#27;[35m[Hibernate]&amp#27;[0m 
    /* &amp#27;[34mSELECT&amp#27;[0m
        &amp#27;[34mnew&amp#27;[0m com.nhnacademy.&amp#27;[34morder&amp#27;[0m.orderitem.dto.OrderItemResponse(oi.&amp#27;[34morder&amp#27;[0m.orderId, oi.bookId, oi.bookName, oi.quantity, oi.price, oi.packagingPrice, oi.orderItemStatus) 
    &amp#27;[34mFROM&amp#27;[0m
        OrderItem oi 
    &amp#27;[34mWHERE&amp#27;[0m
        oi.&amp#27;[34morder&amp#27;[0m.orderId = :orderId */ &amp#27;[34mselect&amp#27;[0m
            oi1_0.&amp#27;[32m"order_id"&amp#27;[0m,
            oi1_0.&amp#27;[32m"book_id"&amp#27;[0m,
            oi1_0.&amp#27;[32m"book_name"&amp#27;[0m,
            oi1_0.&amp#27;[32m"quantity"&amp#27;[0m,
            oi1_0.&amp#27;[32m"price"&amp#27;[0m,
            oi1_0.&amp#27;[32m"packaging_price"&amp#27;[0m,
            oi1_0.&amp#27;[32m"orderitem_status"&amp#27;[0m 
        &amp#27;[34mfrom&amp#27;[0m
            &amp#27;[32m"order_item"&amp#27;[0m oi1_0 
        &amp#27;[34mwhere&amp#27;[0m
            oi1_0.&amp#27;[32m"order_id"&amp#27;[0m=?
]]></system-out>
  </testcase>
  <testcase name="findOrderItemByOrder_OrderId_NoResult" classname="com.nhnacademy.order.orderitem.repository.OrderItemRepositoryTest" time="0.008">
    <system-out><![CDATA[&amp#27;[35m[Hibernate]&amp#27;[0m 
    /* &amp#27;[34minsert&amp#27;[0m &amp#27;[34mfor&amp#27;[0m
        com.nhnacademy.&amp#27;[34morder&amp#27;[0m.&amp#27;[34morder&amp#27;[0m.domain.&amp#27;[34mOrder&amp#27;[0m */&amp#27;[34minsert&amp#27;[0m 
    &amp#27;[34minto&amp#27;[0m
        &amp#27;[32m"order"&amp#27;[0m (&amp#27;[32m"created_at"&amp#27;[0m, &amp#27;[32m"member_id"&amp#27;[0m, &amp#27;[32m"non_member_password"&amp#27;[0m, &amp#27;[32m"order_date"&amp#27;[0m, &amp#27;[32m"shipping_post_code"&amp#27;[0m, &amp#27;[32m"delivery_date"&amp#27;[0m, &amp#27;[32m"delivery_fee"&amp#27;[0m, &amp#27;[32m"point_usage"&amp#27;[0m, &amp#27;[32m"origin_price"&amp#27;[0m, &amp#27;[32m"total_price"&amp#27;[0m, &amp#27;[32m"coupon_id"&amp#27;[0m, &amp#27;[32m"order_number"&amp#27;[0m, &amp#27;[32m"order_status"&amp#27;[0m, &amp#27;[32m"orderer_name"&amp#27;[0m, &amp#27;[32m"orderer_contact"&amp#27;[0m, &amp#27;[32m"receiver_name"&amp#27;[0m, &amp#27;[32m"receiver_contact"&amp#27;[0m, &amp#27;[32m"receiver_address"&amp#27;[0m, &amp#27;[32m"updated_at"&amp#27;[0m, &amp#27;[32m"order_id"&amp#27;[0m) 
    &amp#27;[34mvalues&amp#27;[0m
        (?, ?, ?, ?, ?, ?, ?, ?, ?, ?, ?, ?, ?, ?, ?, ?, ?, ?, ?, &amp#27;[34mdefault&amp#27;[0m)
&amp#27;[35m[Hibernate]&amp#27;[0m 
    /* &amp#27;[34minsert&amp#27;[0m &amp#27;[34mfor&amp#27;[0m
        com.nhnacademy.&amp#27;[34morder&amp#27;[0m.&amp#27;[34morder&amp#27;[0m.domain.&amp#27;[34mOrder&amp#27;[0m */&amp#27;[34minsert&amp#27;[0m 
    &amp#27;[34minto&amp#27;[0m
        &amp#27;[32m"order"&amp#27;[0m (&amp#27;[32m"created_at"&amp#27;[0m, &amp#27;[32m"member_id"&amp#27;[0m, &amp#27;[32m"non_member_password"&amp#27;[0m, &amp#27;[32m"order_date"&amp#27;[0m, &amp#27;[32m"shipping_post_code"&amp#27;[0m, &amp#27;[32m"delivery_date"&amp#27;[0m, &amp#27;[32m"delivery_fee"&amp#27;[0m, &amp#27;[32m"point_usage"&amp#27;[0m, &amp#27;[32m"origin_price"&amp#27;[0m, &amp#27;[32m"total_price"&amp#27;[0m, &amp#27;[32m"coupon_id"&amp#27;[0m, &amp#27;[32m"order_number"&amp#27;[0m, &amp#27;[32m"order_status"&amp#27;[0m, &amp#27;[32m"orderer_name"&amp#27;[0m, &amp#27;[32m"orderer_contact"&amp#27;[0m, &amp#27;[32m"receiver_name"&amp#27;[0m, &amp#27;[32m"receiver_contact"&amp#27;[0m, &amp#27;[32m"receiver_address"&amp#27;[0m, &amp#27;[32m"updated_at"&amp#27;[0m, &amp#27;[32m"order_id"&amp#27;[0m) 
    &amp#27;[34mvalues&amp#27;[0m
        (?, ?, ?, ?, ?, ?, ?, ?, ?, ?, ?, ?, ?, ?, ?, ?, ?, ?, ?, &amp#27;[34mdefault&amp#27;[0m)
&amp#27;[35m[Hibernate]&amp#27;[0m 
    /* &amp#27;[34minsert&amp#27;[0m &amp#27;[34mfor&amp#27;[0m
        com.nhnacademy.&amp#27;[34morder&amp#27;[0m.orderitem.domain.OrderItem */&amp#27;[34minsert&amp#27;[0m 
    &amp#27;[34minto&amp#27;[0m
        &amp#27;[32m"order_item"&amp#27;[0m (&amp#27;[32m"book_id"&amp#27;[0m, &amp#27;[32m"book_name"&amp#27;[0m, &amp#27;[32m"created_at"&amp#27;[0m, &amp#27;[32m"order_id"&amp#27;[0m, &amp#27;[32m"orderitem_status"&amp#27;[0m, &amp#27;[32m"packaging_price"&amp#27;[0m, &amp#27;[32m"price"&amp#27;[0m, &amp#27;[32m"quantity"&amp#27;[0m, &amp#27;[32m"shipping_date"&amp#27;[0m, &amp#27;[32m"updated_at"&amp#27;[0m, &amp#27;[32m"orderitem_id"&amp#27;[0m) 
    &amp#27;[34mvalues&amp#27;[0m
        (?, ?, ?, ?, ?, ?, ?, ?, ?, ?, &amp#27;[34mdefault&amp#27;[0m)
&amp#27;[35m[Hibernate]&amp#27;[0m 
    /* &amp#27;[34minsert&amp#27;[0m &amp#27;[34mfor&amp#27;[0m
        com.nhnacademy.&amp#27;[34morder&amp#27;[0m.orderitem.domain.OrderItem */&amp#27;[34minsert&amp#27;[0m 
    &amp#27;[34minto&amp#27;[0m
        &amp#27;[32m"order_item"&amp#27;[0m (&amp#27;[32m"book_id"&amp#27;[0m, &amp#27;[32m"book_name"&amp#27;[0m, &amp#27;[32m"created_at"&amp#27;[0m, &amp#27;[32m"order_id"&amp#27;[0m, &amp#27;[32m"orderitem_status"&amp#27;[0m, &amp#27;[32m"packaging_price"&amp#27;[0m, &amp#27;[32m"price"&amp#27;[0m, &amp#27;[32m"quantity"&amp#27;[0m, &amp#27;[32m"shipping_date"&amp#27;[0m, &amp#27;[32m"updated_at"&amp#27;[0m, &amp#27;[32m"orderitem_id"&amp#27;[0m) 
    &amp#27;[34mvalues&amp#27;[0m
        (?, ?, ?, ?, ?, ?, ?, ?, ?, ?, &amp#27;[34mdefault&amp#27;[0m)
&amp#27;[35m[Hibernate]&amp#27;[0m 
    /* &amp#27;[34minsert&amp#27;[0m &amp#27;[34mfor&amp#27;[0m
        com.nhnacademy.&amp#27;[34morder&amp#27;[0m.orderitem.domain.OrderItem */&amp#27;[34minsert&amp#27;[0m 
    &amp#27;[34minto&amp#27;[0m
        &amp#27;[32m"order_item"&amp#27;[0m (&amp#27;[32m"book_id"&amp#27;[0m, &amp#27;[32m"book_name"&amp#27;[0m, &amp#27;[32m"created_at"&amp#27;[0m, &amp#27;[32m"order_id"&amp#27;[0m, &amp#27;[32m"orderitem_status"&amp#27;[0m, &amp#27;[32m"packaging_price"&amp#27;[0m, &amp#27;[32m"price"&amp#27;[0m, &amp#27;[32m"quantity"&amp#27;[0m, &amp#27;[32m"shipping_date"&amp#27;[0m, &amp#27;[32m"updated_at"&amp#27;[0m, &amp#27;[32m"orderitem_id"&amp#27;[0m) 
    &amp#27;[34mvalues&amp#27;[0m
        (?, ?, ?, ?, ?, ?, ?, ?, ?, ?, &amp#27;[34mdefault&amp#27;[0m)
&amp#27;[35m[Hibernate]&amp#27;[0m 
    /* &amp#27;[34mSELECT&amp#27;[0m
        &amp#27;[34mnew&amp#27;[0m com.nhnacademy.&amp#27;[34morder&amp#27;[0m.orderitem.dto.OrderItemResponse(oi.&amp#27;[34morder&amp#27;[0m.orderId, oi.bookId, oi.bookName, oi.quantity, oi.price, oi.packagingPrice, oi.orderItemStatus) 
    &amp#27;[34mFROM&amp#27;[0m
        OrderItem oi 
    &amp#27;[34mWHERE&amp#27;[0m
        oi.&amp#27;[34morder&amp#27;[0m.orderId = :orderId */ &amp#27;[34mselect&amp#27;[0m
            oi1_0.&amp#27;[32m"order_id"&amp#27;[0m,
            oi1_0.&amp#27;[32m"book_id"&amp#27;[0m,
            oi1_0.&amp#27;[32m"book_name"&amp#27;[0m,
            oi1_0.&amp#27;[32m"quantity"&amp#27;[0m,
            oi1_0.&amp#27;[32m"price"&amp#27;[0m,
            oi1_0.&amp#27;[32m"packaging_price"&amp#27;[0m,
            oi1_0.&amp#27;[32m"orderitem_status"&amp#27;[0m 
        &amp#27;[34mfrom&amp#27;[0m
            &amp#27;[32m"order_item"&amp#27;[0m oi1_0 
        &amp#27;[34mwhere&amp#27;[0m
            oi1_0.&amp#27;[32m"order_id"&amp#27;[0m=?
]]></system-out>
  </testcase>
  <testcase name="findAllByOrderIds_Success" classname="com.nhnacademy.order.orderitem.repository.OrderItemRepositoryTest" time="0.009">
    <system-out><![CDATA[&amp#27;[35m[Hibernate]&amp#27;[0m 
    /* &amp#27;[34minsert&amp#27;[0m &amp#27;[34mfor&amp#27;[0m
        com.nhnacademy.&amp#27;[34morder&amp#27;[0m.&amp#27;[34morder&amp#27;[0m.domain.&amp#27;[34mOrder&amp#27;[0m */&amp#27;[34minsert&amp#27;[0m 
    &amp#27;[34minto&amp#27;[0m
        &amp#27;[32m"order"&amp#27;[0m (&amp#27;[32m"created_at"&amp#27;[0m, &amp#27;[32m"member_id"&amp#27;[0m, &amp#27;[32m"non_member_password"&amp#27;[0m, &amp#27;[32m"order_date"&amp#27;[0m, &amp#27;[32m"shipping_post_code"&amp#27;[0m, &amp#27;[32m"delivery_date"&amp#27;[0m, &amp#27;[32m"delivery_fee"&amp#27;[0m, &amp#27;[32m"point_usage"&amp#27;[0m, &amp#27;[32m"origin_price"&amp#27;[0m, &amp#27;[32m"total_price"&amp#27;[0m, &amp#27;[32m"coupon_id"&amp#27;[0m, &amp#27;[32m"order_number"&amp#27;[0m, &amp#27;[32m"order_status"&amp#27;[0m, &amp#27;[32m"orderer_name"&amp#27;[0m, &amp#27;[32m"orderer_contact"&amp#27;[0m, &amp#27;[32m"receiver_name"&amp#27;[0m, &amp#27;[32m"receiver_contact"&amp#27;[0m, &amp#27;[32m"receiver_address"&amp#27;[0m, &amp#27;[32m"updated_at"&amp#27;[0m, &amp#27;[32m"order_id"&amp#27;[0m) 
    &amp#27;[34mvalues&amp#27;[0m
        (?, ?, ?, ?, ?, ?, ?, ?, ?, ?, ?, ?, ?, ?, ?, ?, ?, ?, ?, &amp#27;[34mdefault&amp#27;[0m)
&amp#27;[35m[Hibernate]&amp#27;[0m 
    /* &amp#27;[34minsert&amp#27;[0m &amp#27;[34mfor&amp#27;[0m
        com.nhnacademy.&amp#27;[34morder&amp#27;[0m.&amp#27;[34morder&amp#27;[0m.domain.&amp#27;[34mOrder&amp#27;[0m */&amp#27;[34minsert&amp#27;[0m 
    &amp#27;[34minto&amp#27;[0m
        &amp#27;[32m"order"&amp#27;[0m (&amp#27;[32m"created_at"&amp#27;[0m, &amp#27;[32m"member_id"&amp#27;[0m, &amp#27;[32m"non_member_password"&amp#27;[0m, &amp#27;[32m"order_date"&amp#27;[0m, &amp#27;[32m"shipping_post_code"&amp#27;[0m, &amp#27;[32m"delivery_date"&amp#27;[0m, &amp#27;[32m"delivery_fee"&amp#27;[0m, &amp#27;[32m"point_usage"&amp#27;[0m, &amp#27;[32m"origin_price"&amp#27;[0m, &amp#27;[32m"total_price"&amp#27;[0m, &amp#27;[32m"coupon_id"&amp#27;[0m, &amp#27;[32m"order_number"&amp#27;[0m, &amp#27;[32m"order_status"&amp#27;[0m, &amp#27;[32m"orderer_name"&amp#27;[0m, &amp#27;[32m"orderer_contact"&amp#27;[0m, &amp#27;[32m"receiver_name"&amp#27;[0m, &amp#27;[32m"receiver_contact"&amp#27;[0m, &amp#27;[32m"receiver_address"&amp#27;[0m, &amp#27;[32m"updated_at"&amp#27;[0m, &amp#27;[32m"order_id"&amp#27;[0m) 
    &amp#27;[34mvalues&amp#27;[0m
        (?, ?, ?, ?, ?, ?, ?, ?, ?, ?, ?, ?, ?, ?, ?, ?, ?, ?, ?, &amp#27;[34mdefault&amp#27;[0m)
&amp#27;[35m[Hibernate]&amp#27;[0m 
    /* &amp#27;[34minsert&amp#27;[0m &amp#27;[34mfor&amp#27;[0m
        com.nhnacademy.&amp#27;[34morder&amp#27;[0m.orderitem.domain.OrderItem */&amp#27;[34minsert&amp#27;[0m 
    &amp#27;[34minto&amp#27;[0m
        &amp#27;[32m"order_item"&amp#27;[0m (&amp#27;[32m"book_id"&amp#27;[0m, &amp#27;[32m"book_name"&amp#27;[0m, &amp#27;[32m"created_at"&amp#27;[0m, &amp#27;[32m"order_id"&amp#27;[0m, &amp#27;[32m"orderitem_status"&amp#27;[0m, &amp#27;[32m"packaging_price"&amp#27;[0m, &amp#27;[32m"price"&amp#27;[0m, &amp#27;[32m"quantity"&amp#27;[0m, &amp#27;[32m"shipping_date"&amp#27;[0m, &amp#27;[32m"updated_at"&amp#27;[0m, &amp#27;[32m"orderitem_id"&amp#27;[0m) 
    &amp#27;[34mvalues&amp#27;[0m
        (?, ?, ?, ?, ?, ?, ?, ?, ?, ?, &amp#27;[34mdefault&amp#27;[0m)
&amp#27;[35m[Hibernate]&amp#27;[0m 
    /* &amp#27;[34minsert&amp#27;[0m &amp#27;[34mfor&amp#27;[0m
        com.nhnacademy.&amp#27;[34morder&amp#27;[0m.orderitem.domain.OrderItem */&amp#27;[34minsert&amp#27;[0m 
    &amp#27;[34minto&amp#27;[0m
        &amp#27;[32m"order_item"&amp#27;[0m (&amp#27;[32m"book_id"&amp#27;[0m, &amp#27;[32m"book_name"&amp#27;[0m, &amp#27;[32m"created_at"&amp#27;[0m, &amp#27;[32m"order_id"&amp#27;[0m, &amp#27;[32m"orderitem_status"&amp#27;[0m, &amp#27;[32m"packaging_price"&amp#27;[0m, &amp#27;[32m"price"&amp#27;[0m, &amp#27;[32m"quantity"&amp#27;[0m, &amp#27;[32m"shipping_date"&amp#27;[0m, &amp#27;[32m"updated_at"&amp#27;[0m, &amp#27;[32m"orderitem_id"&amp#27;[0m) 
    &amp#27;[34mvalues&amp#27;[0m
        (?, ?, ?, ?, ?, ?, ?, ?, ?, ?, &amp#27;[34mdefault&amp#27;[0m)
&amp#27;[35m[Hibernate]&amp#27;[0m 
    /* &amp#27;[34minsert&amp#27;[0m &amp#27;[34mfor&amp#27;[0m
        com.nhnacademy.&amp#27;[34morder&amp#27;[0m.orderitem.domain.OrderItem */&amp#27;[34minsert&amp#27;[0m 
    &amp#27;[34minto&amp#27;[0m
        &amp#27;[32m"order_item"&amp#27;[0m (&amp#27;[32m"book_id"&amp#27;[0m, &amp#27;[32m"book_name"&amp#27;[0m, &amp#27;[32m"created_at"&amp#27;[0m, &amp#27;[32m"order_id"&amp#27;[0m, &amp#27;[32m"orderitem_status"&amp#27;[0m, &amp#27;[32m"packaging_price"&amp#27;[0m, &amp#27;[32m"price"&amp#27;[0m, &amp#27;[32m"quantity"&amp#27;[0m, &amp#27;[32m"shipping_date"&amp#27;[0m, &amp#27;[32m"updated_at"&amp#27;[0m, &amp#27;[32m"orderitem_id"&amp#27;[0m) 
    &amp#27;[34mvalues&amp#27;[0m
        (?, ?, ?, ?, ?, ?, ?, ?, ?, ?, &amp#27;[34mdefault&amp#27;[0m)
&amp#27;[35m[Hibernate]&amp#27;[0m 
    /* &amp#27;[34mSELECT&amp#27;[0m
        &amp#27;[34mnew&amp#27;[0m com.nhnacademy.&amp#27;[34morder&amp#27;[0m.orderitem.dto.OrderItemResponse(oi.&amp#27;[34morder&amp#27;[0m.orderId, oi.bookId, oi.bookName, oi.quantity, oi.price, oi.packagingPrice, oi.orderItemStatus) 
    &amp#27;[34mFROM&amp#27;[0m
        OrderItem oi 
    &amp#27;[34mWHERE&amp#27;[0m
        oi.&amp#27;[34morder&amp#27;[0m.orderId &amp#27;[34mIN&amp#27;[0m :orderIds */ &amp#27;[34mselect&amp#27;[0m
            oi1_0.&amp#27;[32m"order_id"&amp#27;[0m,
            oi1_0.&amp#27;[32m"book_id"&amp#27;[0m,
            oi1_0.&amp#27;[32m"book_name"&amp#27;[0m,
            oi1_0.&amp#27;[32m"quantity"&amp#27;[0m,
            oi1_0.&amp#27;[32m"price"&amp#27;[0m,
            oi1_0.&amp#27;[32m"packaging_price"&amp#27;[0m,
            oi1_0.&amp#27;[32m"orderitem_status"&amp#27;[0m 
        &amp#27;[34mfrom&amp#27;[0m
            &amp#27;[32m"order_item"&amp#27;[0m oi1_0 
        &amp#27;[34mwhere&amp#27;[0m
            oi1_0.&amp#27;[32m"order_id"&amp#27;[0m &amp#27;[34min&amp#27;[0m (?, ?)
]]></system-out>
  </testcase>
  <testcase name="findAllByOrderIds_NoResult" classname="com.nhnacademy.order.orderitem.repository.OrderItemRepositoryTest" time="0.008">
    <system-out><![CDATA[&amp#27;[35m[Hibernate]&amp#27;[0m 
    /* &amp#27;[34minsert&amp#27;[0m &amp#27;[34mfor&amp#27;[0m
        com.nhnacademy.&amp#27;[34morder&amp#27;[0m.&amp#27;[34morder&amp#27;[0m.domain.&amp#27;[34mOrder&amp#27;[0m */&amp#27;[34minsert&amp#27;[0m 
    &amp#27;[34minto&amp#27;[0m
        &amp#27;[32m"order"&amp#27;[0m (&amp#27;[32m"created_at"&amp#27;[0m, &amp#27;[32m"member_id"&amp#27;[0m, &amp#27;[32m"non_member_password"&amp#27;[0m, &amp#27;[32m"order_date"&amp#27;[0m, &amp#27;[32m"shipping_post_code"&amp#27;[0m, &amp#27;[32m"delivery_date"&amp#27;[0m, &amp#27;[32m"delivery_fee"&amp#27;[0m, &amp#27;[32m"point_usage"&amp#27;[0m, &amp#27;[32m"origin_price"&amp#27;[0m, &amp#27;[32m"total_price"&amp#27;[0m, &amp#27;[32m"coupon_id"&amp#27;[0m, &amp#27;[32m"order_number"&amp#27;[0m, &amp#27;[32m"order_status"&amp#27;[0m, &amp#27;[32m"orderer_name"&amp#27;[0m, &amp#27;[32m"orderer_contact"&amp#27;[0m, &amp#27;[32m"receiver_name"&amp#27;[0m, &amp#27;[32m"receiver_contact"&amp#27;[0m, &amp#27;[32m"receiver_address"&amp#27;[0m, &amp#27;[32m"updated_at"&amp#27;[0m, &amp#27;[32m"order_id"&amp#27;[0m) 
    &amp#27;[34mvalues&amp#27;[0m
        (?, ?, ?, ?, ?, ?, ?, ?, ?, ?, ?, ?, ?, ?, ?, ?, ?, ?, ?, &amp#27;[34mdefault&amp#27;[0m)
&amp#27;[35m[Hibernate]&amp#27;[0m 
    /* &amp#27;[34minsert&amp#27;[0m &amp#27;[34mfor&amp#27;[0m
        com.nhnacademy.&amp#27;[34morder&amp#27;[0m.&amp#27;[34morder&amp#27;[0m.domain.&amp#27;[34mOrder&amp#27;[0m */&amp#27;[34minsert&amp#27;[0m 
    &amp#27;[34minto&amp#27;[0m
        &amp#27;[32m"order"&amp#27;[0m (&amp#27;[32m"created_at"&amp#27;[0m, &amp#27;[32m"member_id"&amp#27;[0m, &amp#27;[32m"non_member_password"&amp#27;[0m, &amp#27;[32m"order_date"&amp#27;[0m, &amp#27;[32m"shipping_post_code"&amp#27;[0m, &amp#27;[32m"delivery_date"&amp#27;[0m, &amp#27;[32m"delivery_fee"&amp#27;[0m, &amp#27;[32m"point_usage"&amp#27;[0m, &amp#27;[32m"origin_price"&amp#27;[0m, &amp#27;[32m"total_price"&amp#27;[0m, &amp#27;[32m"coupon_id"&amp#27;[0m, &amp#27;[32m"order_number"&amp#27;[0m, &amp#27;[32m"order_status"&amp#27;[0m, &amp#27;[32m"orderer_name"&amp#27;[0m, &amp#27;[32m"orderer_contact"&amp#27;[0m, &amp#27;[32m"receiver_name"&amp#27;[0m, &amp#27;[32m"receiver_contact"&amp#27;[0m, &amp#27;[32m"receiver_address"&amp#27;[0m, &amp#27;[32m"updated_at"&amp#27;[0m, &amp#27;[32m"order_id"&amp#27;[0m) 
    &amp#27;[34mvalues&amp#27;[0m
        (?, ?, ?, ?, ?, ?, ?, ?, ?, ?, ?, ?, ?, ?, ?, ?, ?, ?, ?, &amp#27;[34mdefault&amp#27;[0m)
&amp#27;[35m[Hibernate]&amp#27;[0m 
    /* &amp#27;[34minsert&amp#27;[0m &amp#27;[34mfor&amp#27;[0m
        com.nhnacademy.&amp#27;[34morder&amp#27;[0m.orderitem.domain.OrderItem */&amp#27;[34minsert&amp#27;[0m 
    &amp#27;[34minto&amp#27;[0m
        &amp#27;[32m"order_item"&amp#27;[0m (&amp#27;[32m"book_id"&amp#27;[0m, &amp#27;[32m"book_name"&amp#27;[0m, &amp#27;[32m"created_at"&amp#27;[0m, &amp#27;[32m"order_id"&amp#27;[0m, &amp#27;[32m"orderitem_status"&amp#27;[0m, &amp#27;[32m"packaging_price"&amp#27;[0m, &amp#27;[32m"price"&amp#27;[0m, &amp#27;[32m"quantity"&amp#27;[0m, &amp#27;[32m"shipping_date"&amp#27;[0m, &amp#27;[32m"updated_at"&amp#27;[0m, &amp#27;[32m"orderitem_id"&amp#27;[0m) 
    &amp#27;[34mvalues&amp#27;[0m
        (?, ?, ?, ?, ?, ?, ?, ?, ?, ?, &amp#27;[34mdefault&amp#27;[0m)
&amp#27;[35m[Hibernate]&amp#27;[0m 
    /* &amp#27;[34minsert&amp#27;[0m &amp#27;[34mfor&amp#27;[0m
        com.nhnacademy.&amp#27;[34morder&amp#27;[0m.orderitem.domain.OrderItem */&amp#27;[34minsert&amp#27;[0m 
    &amp#27;[34minto&amp#27;[0m
        &amp#27;[32m"order_item"&amp#27;[0m (&amp#27;[32m"book_id"&amp#27;[0m, &amp#27;[32m"book_name"&amp#27;[0m, &amp#27;[32m"created_at"&amp#27;[0m, &amp#27;[32m"order_id"&amp#27;[0m, &amp#27;[32m"orderitem_status"&amp#27;[0m, &amp#27;[32m"packaging_price"&amp#27;[0m, &amp#27;[32m"price"&amp#27;[0m, &amp#27;[32m"quantity"&amp#27;[0m, &amp#27;[32m"shipping_date"&amp#27;[0m, &amp#27;[32m"updated_at"&amp#27;[0m, &amp#27;[32m"orderitem_id"&amp#27;[0m) 
    &amp#27;[34mvalues&amp#27;[0m
        (?, ?, ?, ?, ?, ?, ?, ?, ?, ?, &amp#27;[34mdefault&amp#27;[0m)
&amp#27;[35m[Hibernate]&amp#27;[0m 
    /* &amp#27;[34minsert&amp#27;[0m &amp#27;[34mfor&amp#27;[0m
        com.nhnacademy.&amp#27;[34morder&amp#27;[0m.orderitem.domain.OrderItem */&amp#27;[34minsert&amp#27;[0m 
    &amp#27;[34minto&amp#27;[0m
        &amp#27;[32m"order_item"&amp#27;[0m (&amp#27;[32m"book_id"&amp#27;[0m, &amp#27;[32m"book_name"&amp#27;[0m, &amp#27;[32m"created_at"&amp#27;[0m, &amp#27;[32m"order_id"&amp#27;[0m, &amp#27;[32m"orderitem_status"&amp#27;[0m, &amp#27;[32m"packaging_price"&amp#27;[0m, &amp#27;[32m"price"&amp#27;[0m, &amp#27;[32m"quantity"&amp#27;[0m, &amp#27;[32m"shipping_date"&amp#27;[0m, &amp#27;[32m"updated_at"&amp#27;[0m, &amp#27;[32m"orderitem_id"&amp#27;[0m) 
    &amp#27;[34mvalues&amp#27;[0m
        (?, ?, ?, ?, ?, ?, ?, ?, ?, ?, &amp#27;[34mdefault&amp#27;[0m)
&amp#27;[35m[Hibernate]&amp#27;[0m 
    /* &amp#27;[34mSELECT&amp#27;[0m
        &amp#27;[34mnew&amp#27;[0m com.nhnacademy.&amp#27;[34morder&amp#27;[0m.orderitem.dto.OrderItemResponse(oi.&amp#27;[34morder&amp#27;[0m.orderId, oi.bookId, oi.bookName, oi.quantity, oi.price, oi.packagingPrice, oi.orderItemStatus) 
    &amp#27;[34mFROM&amp#27;[0m
        OrderItem oi 
    &amp#27;[34mWHERE&amp#27;[0m
        oi.&amp#27;[34morder&amp#27;[0m.orderId &amp#27;[34mIN&amp#27;[0m :orderIds */ &amp#27;[34mselect&amp#27;[0m
            oi1_0.&amp#27;[32m"order_id"&amp#27;[0m,
            oi1_0.&amp#27;[32m"book_id"&amp#27;[0m,
            oi1_0.&amp#27;[32m"book_name"&amp#27;[0m,
            oi1_0.&amp#27;[32m"quantity"&amp#27;[0m,
            oi1_0.&amp#27;[32m"price"&amp#27;[0m,
            oi1_0.&amp#27;[32m"packaging_price"&amp#27;[0m,
            oi1_0.&amp#27;[32m"orderitem_status"&amp#27;[0m 
        &amp#27;[34mfrom&amp#27;[0m
            &amp#27;[32m"order_item"&amp#27;[0m oi1_0 
        &amp#27;[34mwhere&amp#27;[0m
            oi1_0.&amp#27;[32m"order_id"&amp#27;[0m &amp#27;[34min&amp#27;[0m (?, ?)
]]></system-out>
  </testcase>
</testsuite>