<?xml version="1.0" encoding="UTF-8"?>
<testsuite xmlns:xsi="http://www.w3.org/2001/XMLSchema-instance" xsi:noNamespaceSchemaLocation="https://maven.apache.org/surefire/maven-surefire-plugin/xsd/surefire-test-report.xsd" version="3.0.2" name="com.nhnacademy.order.order.service.OrderServiceSecurityTest" time="6.398" tests="3" errors="0" skipped="0" failures="0">
  <properties>
[...]
</properties>
  <testcase name="findAllOrders_Failure_AccessDeniedForMember" classname="com.nhnacademy.order.order.service.OrderServiceSecurityTest" time="0.13">
    <system-out><![CDATA[2025-12-02T22:18:37.949+09:00  INFO 64091 --- [order-service] [           main] t.c.s.AnnotationConfigContextLoaderUtils : Could not detect default configuration classes for test class [com.nhnacademy.order.order.service.OrderServiceSecurityTest]: OrderServiceSecurityTest does not declare any static, non-private, non-final, nested classes annotated with @Configuration.
2025-12-02T22:18:37.995+09:00  INFO 64091 --- [order-service] [           main] .b.t.c.SpringBootTestContextBootstrapper : Found @SpringBootConfiguration com.nhnacademy.OrderApplication for test class com.nhnacademy.order.order.service.OrderServiceSecurityTest
2025-12-02T22:18:38.005+09:00  INFO 64091 --- [order-service] [           main] o.s.b.d.r.RestartApplicationListener     : Restart disabled due to context in which it is running

  .   ____          _            __ _ _
 /\\ / ___'_ __ _ _(_)_ __  __ _ \ \ \ \
( ( )\___ | '_ | '_| | '_ \/ _` | \ \ \ \
 \\/  ___)| |_)| | | | | || (_| |  ) ) ) )
  '  |____| .__|_| |_|_| |_\__, | / / / /
 =========|_|==============|___/=/_/_/_/

 :: Spring Boot ::                (v3.5.7)

2025-12-02T22:18:38.064+09:00  INFO 64091 --- [order-service] [           main] c.n.o.o.s.OrderServiceSecurityTest       : Starting OrderServiceSecurityTest using Java 21.0.8 with PID 64091 (started by sss in /Users/sss/IdeaProjects/order)
2025-12-02T22:18:38.065+09:00  INFO 64091 --- [order-service] [           main] c.n.o.o.s.OrderServiceSecurityTest       : The following 1 profile is active: "dev"
2025-12-02T22:18:38.971+09:00  INFO 64091 --- [order-service] [           main] .s.d.r.c.RepositoryConfigurationDelegate : Bootstrapping Spring Data JPA repositories in DEFAULT mode.
2025-12-02T22:18:39.002+09:00  INFO 64091 --- [order-service] [           main] .s.d.r.c.RepositoryConfigurationDelegate : Finished Spring Data repository scanning in 28 ms. Found 9 JPA repository interfaces.
2025-12-02T22:18:39.220+09:00  INFO 64091 --- [order-service] [           main] o.s.cloud.context.scope.GenericScope     : BeanFactory id=a32c2360-8bec-30ee-9425-e444dc6f5c94
2025-12-02T22:18:40.424+09:00  INFO 64091 --- [order-service] [           main] o.hibernate.jpa.internal.util.LogHelper  : HHH000204: Processing PersistenceUnitInfo [name: default]
2025-12-02T22:18:40.428+09:00  INFO 64091 --- [order-service] [           main] o.h.c.internal.RegionFactoryInitiator    : HHH000026: Second-level cache disabled
2025-12-02T22:18:40.429+09:00 DEBUG 64091 --- [order-service] [           main] org.hibernate.type.BasicTypeRegistry     : Adding type registration boolean -> org.hibernate.type.BasicTypeReference@656c5c3
2025-12-02T22:18:40.429+09:00 DEBUG 64091 --- [order-service] [           main] org.hibernate.type.BasicTypeRegistry     : Adding type registration boolean -> org.hibernate.type.BasicTypeReference@656c5c3
2025-12-02T22:18:40.429+09:00 DEBUG 64091 --- [order-service] [           main] org.hibernate.type.BasicTypeRegistry     : Adding type registration java.lang.Boolean -> org.hibernate.type.BasicTypeReference@656c5c3
2025-12-02T22:18:40.429+09:00 DEBUG 64091 --- [order-service] [           main] org.hibernate.type.BasicTypeRegistry     : Adding type registration numeric_boolean -> org.hibernate.type.BasicTypeReference@7911cc15
2025-12-02T22:18:40.429+09:00 DEBUG 64091 --- [order-service] [           main] org.hibernate.type.BasicTypeRegistry     : Adding type registration org.hibernate.type.NumericBooleanConverter -> org.hibernate.type.BasicTypeReference@7911cc15
2025-12-02T22:18:40.429+09:00 DEBUG 64091 --- [order-service] [           main] org.hibernate.type.BasicTypeRegistry     : Adding type registration true_false -> org.hibernate.type.BasicTypeReference@4409cae6
2025-12-02T22:18:40.429+09:00 DEBUG 64091 --- [order-service] [           main] org.hibernate.type.BasicTypeRegistry     : Adding type registration org.hibernate.type.TrueFalseConverter -> org.hibernate.type.BasicTypeReference@4409cae6
2025-12-02T22:18:40.429+09:00 DEBUG 64091 --- [order-service] [           main] org.hibernate.type.BasicTypeRegistry     : Adding type registration yes_no -> org.hibernate.type.BasicTypeReference@14e750c5
2025-12-02T22:18:40.429+09:00 DEBUG 64091 --- [order-service] [           main] org.hibernate.type.BasicTypeRegistry     : Adding type registration org.hibernate.type.YesNoConverter -> org.hibernate.type.BasicTypeReference@14e750c5
2025-12-02T22:18:40.429+09:00 DEBUG 64091 --- [order-service] [           main] org.hibernate.type.BasicTypeRegistry     : Adding type registration byte -> org.hibernate.type.BasicTypeReference@242ff747
2025-12-02T22:18:40.430+09:00 DEBUG 64091 --- [order-service] [           main] org.hibernate.type.BasicTypeRegistry     : Adding type registration byte -> org.hibernate.type.BasicTypeReference@242ff747
2025-12-02T22:18:40.430+09:00 DEBUG 64091 --- [order-service] [           main] org.hibernate.type.BasicTypeRegistry     : Adding type registration java.lang.Byte -> org.hibernate.type.BasicTypeReference@242ff747
2025-12-02T22:18:40.430+09:00 DEBUG 64091 --- [order-service] [           main] org.hibernate.type.BasicTypeRegistry     : Adding type registration binary -> org.hibernate.type.BasicTypeReference@5329f6b3
2025-12-02T22:18:40.430+09:00 DEBUG 64091 --- [order-service] [           main] org.hibernate.type.BasicTypeRegistry     : Adding type registration byte[] -> org.hibernate.type.BasicTypeReference@5329f6b3
2025-12-02T22:18:40.430+09:00 DEBUG 64091 --- [order-service] [           main] org.hibernate.type.BasicTypeRegistry     : Adding type registration [B -> org.hibernate.type.BasicTypeReference@5329f6b3
2025-12-02T22:18:40.430+09:00 DEBUG 64091 --- [order-service] [           main] org.hibernate.type.BasicTypeRegistry     : Adding type registration binary_wrapper -> org.hibernate.type.BasicTypeReference@597d48ca
2025-12-02T22:18:40.430+09:00 DEBUG 64091 --- [order-service] [           main] org.hibernate.type.BasicTypeRegistry     : Adding type registration wrapper-binary -> org.hibernate.type.BasicTypeReference@597d48ca
2025-12-02T22:18:40.430+09:00 DEBUG 64091 --- [order-service] [           main] org.hibernate.type.BasicTypeRegistry     : Adding type registration image -> org.hibernate.type.BasicTypeReference@77324a58
2025-12-02T22:18:40.430+09:00 DEBUG 64091 --- [order-service] [           main] org.hibernate.type.BasicTypeRegistry     : Adding type registration blob -> org.hibernate.type.BasicTypeReference@2c7c0e36
2025-12-02T22:18:40.430+09:00 DEBUG 64091 --- [order-service] [           main] org.hibernate.type.BasicTypeRegistry     : Adding type registration java.sql.Blob -> org.hibernate.type.BasicTypeReference@2c7c0e36
2025-12-02T22:18:40.430+09:00 DEBUG 64091 --- [order-service] [           main] org.hibernate.type.BasicTypeRegistry     : Adding type registration materialized_blob -> org.hibernate.type.BasicTypeReference@307cf964
2025-12-02T22:18:40.431+09:00 DEBUG 64091 --- [order-service] [           main] org.hibernate.type.BasicTypeRegistry     : Adding type registration materialized_blob_wrapper -> org.hibernate.type.BasicTypeReference@374ccb9
2025-12-02T22:18:40.431+09:00 DEBUG 64091 --- [order-service] [           main] org.hibernate.type.BasicTypeRegistry     : Adding type registration short -> org.hibernate.type.BasicTypeReference@66713605
2025-12-02T22:18:40.431+09:00 DEBUG 64091 --- [order-service] [           main] org.hibernate.type.BasicTypeRegistry     : Adding type registration short -> org.hibernate.type.BasicTypeReference@66713605
2025-12-02T22:18:40.431+09:00 DEBUG 64091 --- [order-service] [           main] org.hibernate.type.BasicTypeRegistry     : Adding type registration java.lang.Short -> org.hibernate.type.BasicTypeReference@66713605
2025-12-02T22:18:40.431+09:00 DEBUG 64091 --- [order-service] [           main] org.hibernate.type.BasicTypeRegistry     : Adding type registration integer -> org.hibernate.type.BasicTypeReference@2ab09943
2025-12-02T22:18:40.431+09:00 DEBUG 64091 --- [order-service] [           main] org.hibernate.type.BasicTypeRegistry     : Adding type registration int -> org.hibernate.type.BasicTypeReference@2ab09943
2025-12-02T22:18:40.431+09:00 DEBUG 64091 --- [order-service] [           main] org.hibernate.type.BasicTypeRegistry     : Adding type registration java.lang.Integer -> org.hibernate.type.BasicTypeReference@2ab09943
2025-12-02T22:18:40.431+09:00 DEBUG 64091 --- [order-service] [           main] org.hibernate.type.BasicTypeRegistry     : Adding type registration long -> org.hibernate.type.BasicTypeReference@7d50f2a8
2025-12-02T22:18:40.431+09:00 DEBUG 64091 --- [order-service] [           main] org.hibernate.type.BasicTypeRegistry     : Adding type registration long -> org.hibernate.type.BasicTypeReference@7d50f2a8
2025-12-02T22:18:40.431+09:00 DEBUG 64091 --- [order-service] [           main] org.hibernate.type.BasicTypeRegistry     : Adding type registration java.lang.Long -> org.hibernate.type.BasicTypeReference@7d50f2a8
2025-12-02T22:18:40.431+09:00 DEBUG 64091 --- [order-service] [           main] org.hibernate.type.BasicTypeRegistry     : Adding type registration float -> org.hibernate.type.BasicTypeReference@5864e8bf
2025-12-02T22:18:40.431+09:00 DEBUG 64091 --- [order-service] [           main] org.hibernate.type.BasicTypeRegistry     : Adding type registration float -> org.hibernate.type.BasicTypeReference@5864e8bf
2025-12-02T22:18:40.432+09:00 DEBUG 64091 --- [order-service] [           main] org.hibernate.type.BasicTypeRegistry     : Adding type registration java.lang.Float -> org.hibernate.type.BasicTypeReference@5864e8bf
2025-12-02T22:18:40.432+09:00 DEBUG 64091 --- [order-service] [           main] org.hibernate.type.BasicTypeRegistry     : Adding type registration double -> org.hibernate.type.BasicTypeReference@37ca3ca8
2025-12-02T22:18:40.432+09:00 DEBUG 64091 --- [order-service] [           main] org.hibernate.type.BasicTypeRegistry     : Adding type registration double -> org.hibernate.type.BasicTypeReference@37ca3ca8
2025-12-02T22:18:40.432+09:00 DEBUG 64091 --- [order-service] [           main] org.hibernate.type.BasicTypeRegistry     : Adding type registration java.lang.Double -> org.hibernate.type.BasicTypeReference@37ca3ca8
2025-12-02T22:18:40.432+09:00 DEBUG 64091 --- [order-service] [           main] org.hibernate.type.BasicTypeRegistry     : Adding type registration big_integer -> org.hibernate.type.BasicTypeReference@191ec193
2025-12-02T22:18:40.432+09:00 DEBUG 64091 --- [order-service] [           main] org.hibernate.type.BasicTypeRegistry     : Adding type registration java.math.BigInteger -> org.hibernate.type.BasicTypeReference@191ec193
2025-12-02T22:18:40.432+09:00 DEBUG 64091 --- [order-service] [           main] org.hibernate.type.BasicTypeRegistry     : Adding type registration big_decimal -> org.hibernate.type.BasicTypeReference@6321a5aa
2025-12-02T22:18:40.432+09:00 DEBUG 64091 --- [order-service] [           main] org.hibernate.type.BasicTypeRegistry     : Adding type registration java.math.BigDecimal -> org.hibernate.type.BasicTypeReference@6321a5aa
2025-12-02T22:18:40.432+09:00 DEBUG 64091 --- [order-service] [           main] org.hibernate.type.BasicTypeRegistry     : Adding type registration character -> org.hibernate.type.BasicTypeReference@1c7f9861
2025-12-02T22:18:40.432+09:00 DEBUG 64091 --- [order-service] [           main] org.hibernate.type.BasicTypeRegistry     : Adding type registration char -> org.hibernate.type.BasicTypeReference@1c7f9861
2025-12-02T22:18:40.432+09:00 DEBUG 64091 --- [order-service] [           main] org.hibernate.type.BasicTypeRegistry     : Adding type registration java.lang.Character -> org.hibernate.type.BasicTypeReference@1c7f9861
2025-12-02T22:18:40.432+09:00 DEBUG 64091 --- [order-service] [           main] org.hibernate.type.BasicTypeRegistry     : Adding type registration character_nchar -> org.hibernate.type.BasicTypeReference@7a36c83a
2025-12-02T22:18:40.433+09:00 DEBUG 64091 --- [order-service] [           main] org.hibernate.type.BasicTypeRegistry     : Adding type registration string -> org.hibernate.type.BasicTypeReference@154b8cb6
2025-12-02T22:18:40.433+09:00 DEBUG 64091 --- [order-service] [           main] org.hibernate.type.BasicTypeRegistry     : Adding type registration java.lang.String -> org.hibernate.type.BasicTypeReference@154b8cb6
2025-12-02T22:18:40.433+09:00 DEBUG 64091 --- [order-service] [           main] org.hibernate.type.BasicTypeRegistry     : Adding type registration nstring -> org.hibernate.type.BasicTypeReference@7b297740
2025-12-02T22:18:40.433+09:00 DEBUG 64091 --- [order-service] [           main] org.hibernate.type.BasicTypeRegistry     : Adding type registration characters -> org.hibernate.type.BasicTypeReference@1b7554d4
2025-12-02T22:18:40.433+09:00 DEBUG 64091 --- [order-service] [           main] org.hibernate.type.BasicTypeRegistry     : Adding type registration char[] -> org.hibernate.type.BasicTypeReference@1b7554d4
2025-12-02T22:18:40.433+09:00 DEBUG 64091 --- [order-service] [           main] org.hibernate.type.BasicTypeRegistry     : Adding type registration [C -> org.hibernate.type.BasicTypeReference@1b7554d4
2025-12-02T22:18:40.433+09:00 DEBUG 64091 --- [order-service] [           main] org.hibernate.type.BasicTypeRegistry     : Adding type registration wrapper-characters -> org.hibernate.type.BasicTypeReference@57ce2898
2025-12-02T22:18:40.433+09:00 DEBUG 64091 --- [order-service] [           main] org.hibernate.type.BasicTypeRegistry     : Adding type registration text -> org.hibernate.type.BasicTypeReference@1ea930eb
2025-12-02T22:18:40.433+09:00 DEBUG 64091 --- [order-service] [           main] org.hibernate.type.BasicTypeRegistry     : Adding type registration ntext -> org.hibernate.type.BasicTypeReference@2e0ad709
2025-12-02T22:18:40.433+09:00 DEBUG 64091 --- [order-service] [           main] org.hibernate.type.BasicTypeRegistry     : Adding type registration clob -> org.hibernate.type.BasicTypeReference@1fe8f5e8
2025-12-02T22:18:40.433+09:00 DEBUG 64091 --- [order-service] [           main] org.hibernate.type.BasicTypeRegistry     : Adding type registration java.sql.Clob -> org.hibernate.type.BasicTypeReference@1fe8f5e8
2025-12-02T22:18:40.433+09:00 DEBUG 64091 --- [order-service] [           main] org.hibernate.type.BasicTypeRegistry     : Adding type registration nclob -> org.hibernate.type.BasicTypeReference@39449465
2025-12-02T22:18:40.433+09:00 DEBUG 64091 --- [order-service] [           main] org.hibernate.type.BasicTypeRegistry     : Adding type registration java.sql.NClob -> org.hibernate.type.BasicTypeReference@39449465
2025-12-02T22:18:40.434+09:00 DEBUG 64091 --- [order-service] [           main] org.hibernate.type.BasicTypeRegistry     : Adding type registration materialized_clob -> org.hibernate.type.BasicTypeReference@6e3dd5ce
2025-12-02T22:18:40.434+09:00 DEBUG 64091 --- [order-service] [           main] org.hibernate.type.BasicTypeRegistry     : Adding type registration materialized_clob_char_array -> org.hibernate.type.BasicTypeReference@16f7f59f
2025-12-02T22:18:40.434+09:00 DEBUG 64091 --- [order-service] [           main] org.hibernate.type.BasicTypeRegistry     : Adding type registration materialized_clob_character_array -> org.hibernate.type.BasicTypeReference@4ee8051c
2025-12-02T22:18:40.434+09:00 DEBUG 64091 --- [order-service] [           main] org.hibernate.type.BasicTypeRegistry     : Adding type registration materialized_nclob -> org.hibernate.type.BasicTypeReference@53125718
2025-12-02T22:18:40.434+09:00 DEBUG 64091 --- [order-service] [           main] org.hibernate.type.BasicTypeRegistry     : Adding type registration materialized_nclob_character_array -> org.hibernate.type.BasicTypeReference@53016b11
2025-12-02T22:18:40.434+09:00 DEBUG 64091 --- [order-service] [           main] org.hibernate.type.BasicTypeRegistry     : Adding type registration materialized_nclob_char_array -> org.hibernate.type.BasicTypeReference@7af327e3
2025-12-02T22:18:40.434+09:00 DEBUG 64091 --- [order-service] [           main] org.hibernate.type.BasicTypeRegistry     : Adding type registration Duration -> org.hibernate.type.BasicTypeReference@743d0d44
2025-12-02T22:18:40.434+09:00 DEBUG 64091 --- [order-service] [           main] org.hibernate.type.BasicTypeRegistry     : Adding type registration java.time.Duration -> org.hibernate.type.BasicTypeReference@743d0d44
2025-12-02T22:18:40.434+09:00 DEBUG 64091 --- [order-service] [           main] org.hibernate.type.BasicTypeRegistry     : Adding type registration LocalDateTime -> org.hibernate.type.BasicTypeReference@35563e4c
2025-12-02T22:18:40.434+09:00 DEBUG 64091 --- [order-service] [           main] org.hibernate.type.BasicTypeRegistry     : Adding type registration java.time.LocalDateTime -> org.hibernate.type.BasicTypeReference@35563e4c
2025-12-02T22:18:40.434+09:00 DEBUG 64091 --- [order-service] [           main] org.hibernate.type.BasicTypeRegistry     : Adding type registration LocalDate -> org.hibernate.type.BasicTypeReference@6dd79214
2025-12-02T22:18:40.434+09:00 DEBUG 64091 --- [order-service] [           main] org.hibernate.type.BasicTypeRegistry     : Adding type registration java.time.LocalDate -> org.hibernate.type.BasicTypeReference@6dd79214
2025-12-02T22:18:40.434+09:00 DEBUG 64091 --- [order-service] [           main] org.hibernate.type.BasicTypeRegistry     : Adding type registration LocalTime -> org.hibernate.type.BasicTypeReference@ef86c72
2025-12-02T22:18:40.435+09:00 DEBUG 64091 --- [order-service] [           main] org.hibernate.type.BasicTypeRegistry     : Adding type registration java.time.LocalTime -> org.hibernate.type.BasicTypeReference@ef86c72
2025-12-02T22:18:40.435+09:00 DEBUG 64091 --- [order-service] [           main] org.hibernate.type.BasicTypeRegistry     : Adding type registration OffsetDateTime -> org.hibernate.type.BasicTypeReference@123307c4
2025-12-02T22:18:40.435+09:00 DEBUG 64091 --- [order-service] [           main] org.hibernate.type.BasicTypeRegistry     : Adding type registration java.time.OffsetDateTime -> org.hibernate.type.BasicTypeReference@123307c4
2025-12-02T22:18:40.435+09:00 DEBUG 64091 --- [order-service] [           main] org.hibernate.type.BasicTypeRegistry     : Adding type registration OffsetDateTimeWithTimezone -> org.hibernate.type.BasicTypeReference@1693ff90
2025-12-02T22:18:40.435+09:00 DEBUG 64091 --- [order-service] [           main] org.hibernate.type.BasicTypeRegistry     : Adding type registration OffsetDateTimeWithoutTimezone -> org.hibernate.type.BasicTypeReference@47058864
2025-12-02T22:18:40.435+09:00 DEBUG 64091 --- [order-service] [           main] org.hibernate.type.BasicTypeRegistry     : Adding type registration OffsetTime -> org.hibernate.type.BasicTypeReference@ad3f70a
2025-12-02T22:18:40.435+09:00 DEBUG 64091 --- [order-service] [           main] org.hibernate.type.BasicTypeRegistry     : Adding type registration java.time.OffsetTime -> org.hibernate.type.BasicTypeReference@ad3f70a
2025-12-02T22:18:40.435+09:00 DEBUG 64091 --- [order-service] [           main] org.hibernate.type.BasicTypeRegistry     : Adding type registration OffsetTimeUtc -> org.hibernate.type.BasicTypeReference@54ccb3
2025-12-02T22:18:40.435+09:00 DEBUG 64091 --- [order-service] [           main] org.hibernate.type.BasicTypeRegistry     : Adding type registration OffsetTimeWithTimezone -> org.hibernate.type.BasicTypeReference@9b2dc56
2025-12-02T22:18:40.435+09:00 DEBUG 64091 --- [order-service] [           main] org.hibernate.type.BasicTypeRegistry     : Adding type registration OffsetTimeWithoutTimezone -> org.hibernate.type.BasicTypeReference@621f23ac
2025-12-02T22:18:40.435+09:00 DEBUG 64091 --- [order-service] [           main] org.hibernate.type.BasicTypeRegistry     : Adding type registration ZonedDateTime -> org.hibernate.type.BasicTypeReference@7761e342
2025-12-02T22:18:40.435+09:00 DEBUG 64091 --- [order-service] [           main] org.hibernate.type.BasicTypeRegistry     : Adding type registration java.time.ZonedDateTime -> org.hibernate.type.BasicTypeReference@7761e342
2025-12-02T22:18:40.436+09:00 DEBUG 64091 --- [order-service] [           main] org.hibernate.type.BasicTypeRegistry     : Adding type registration ZonedDateTimeWithTimezone -> org.hibernate.type.BasicTypeReference@51f68849
2025-12-02T22:18:40.436+09:00 DEBUG 64091 --- [order-service] [           main] org.hibernate.type.BasicTypeRegistry     : Adding type registration ZonedDateTimeWithoutTimezone -> org.hibernate.type.BasicTypeReference@4eb9ae4d
2025-12-02T22:18:40.436+09:00 DEBUG 64091 --- [order-service] [           main] org.hibernate.type.BasicTypeRegistry     : Adding type registration date -> org.hibernate.type.BasicTypeReference@5520f675
2025-12-02T22:18:40.436+09:00 DEBUG 64091 --- [order-service] [           main] org.hibernate.type.BasicTypeRegistry     : Adding type registration java.sql.Date -> org.hibernate.type.BasicTypeReference@5520f675
2025-12-02T22:18:40.436+09:00 DEBUG 64091 --- [order-service] [           main] org.hibernate.type.BasicTypeRegistry     : Adding type registration time -> org.hibernate.type.BasicTypeReference@2d237460
2025-12-02T22:18:40.436+09:00 DEBUG 64091 --- [order-service] [           main] org.hibernate.type.BasicTypeRegistry     : Adding type registration java.sql.Time -> org.hibernate.type.BasicTypeReference@2d237460
2025-12-02T22:18:40.436+09:00 DEBUG 64091 --- [order-service] [           main] org.hibernate.type.BasicTypeRegistry     : Adding type registration timestamp -> org.hibernate.type.BasicTypeReference@48f2054d
2025-12-02T22:18:40.436+09:00 DEBUG 64091 --- [order-service] [           main] org.hibernate.type.BasicTypeRegistry     : Adding type registration java.sql.Timestamp -> org.hibernate.type.BasicTypeReference@48f2054d
2025-12-02T22:18:40.436+09:00 DEBUG 64091 --- [order-service] [           main] org.hibernate.type.BasicTypeRegistry     : Adding type registration java.util.Date -> org.hibernate.type.BasicTypeReference@48f2054d
2025-12-02T22:18:40.436+09:00 DEBUG 64091 --- [order-service] [           main] org.hibernate.type.BasicTypeRegistry     : Adding type registration calendar -> org.hibernate.type.BasicTypeReference@4b3a01d8
2025-12-02T22:18:40.437+09:00 DEBUG 64091 --- [order-service] [           main] org.hibernate.type.BasicTypeRegistry     : Adding type registration java.util.Calendar -> org.hibernate.type.BasicTypeReference@4b3a01d8
2025-12-02T22:18:40.437+09:00 DEBUG 64091 --- [order-service] [           main] org.hibernate.type.BasicTypeRegistry     : Adding type registration java.util.GregorianCalendar -> org.hibernate.type.BasicTypeReference@4b3a01d8
2025-12-02T22:18:40.437+09:00 DEBUG 64091 --- [order-service] [           main] org.hibernate.type.BasicTypeRegistry     : Adding type registration calendar_date -> org.hibernate.type.BasicTypeReference@19fbc594
2025-12-02T22:18:40.437+09:00 DEBUG 64091 --- [order-service] [           main] org.hibernate.type.BasicTypeRegistry     : Adding type registration calendar_time -> org.hibernate.type.BasicTypeReference@2f4d32bf
2025-12-02T22:18:40.437+09:00 DEBUG 64091 --- [order-service] [           main] org.hibernate.type.BasicTypeRegistry     : Adding type registration instant -> org.hibernate.type.BasicTypeReference@774d8276
2025-12-02T22:18:40.437+09:00 DEBUG 64091 --- [order-service] [           main] org.hibernate.type.BasicTypeRegistry     : Adding type registration java.time.Instant -> org.hibernate.type.BasicTypeReference@774d8276
2025-12-02T22:18:40.437+09:00 DEBUG 64091 --- [order-service] [           main] org.hibernate.type.BasicTypeRegistry     : Adding type registration uuid -> org.hibernate.type.BasicTypeReference@6ce26986
2025-12-02T22:18:40.437+09:00 DEBUG 64091 --- [order-service] [           main] org.hibernate.type.BasicTypeRegistry     : Adding type registration java.util.UUID -> org.hibernate.type.BasicTypeReference@6ce26986
2025-12-02T22:18:40.437+09:00 DEBUG 64091 --- [order-service] [           main] org.hibernate.type.BasicTypeRegistry     : Adding type registration pg-uuid -> org.hibernate.type.BasicTypeReference@6ce26986
2025-12-02T22:18:40.437+09:00 DEBUG 64091 --- [order-service] [           main] org.hibernate.type.BasicTypeRegistry     : Adding type registration uuid-binary -> org.hibernate.type.BasicTypeReference@2bf2d6eb
2025-12-02T22:18:40.437+09:00 DEBUG 64091 --- [order-service] [           main] org.hibernate.type.BasicTypeRegistry     : Adding type registration uuid-char -> org.hibernate.type.BasicTypeReference@6d6cd1e0
2025-12-02T22:18:40.437+09:00 DEBUG 64091 --- [order-service] [           main] org.hibernate.type.BasicTypeRegistry     : Adding type registration class -> org.hibernate.type.BasicTypeReference@76a9a009
2025-12-02T22:18:40.437+09:00 DEBUG 64091 --- [order-service] [           main] org.hibernate.type.BasicTypeRegistry     : Adding type registration java.lang.Class -> org.hibernate.type.BasicTypeReference@76a9a009
2025-12-02T22:18:40.437+09:00 DEBUG 64091 --- [order-service] [           main] org.hibernate.type.BasicTypeRegistry     : Adding type registration currency -> org.hibernate.type.BasicTypeReference@9785903
2025-12-02T22:18:40.438+09:00 DEBUG 64091 --- [order-service] [           main] org.hibernate.type.BasicTypeRegistry     : Adding type registration Currency -> org.hibernate.type.BasicTypeReference@9785903
2025-12-02T22:18:40.438+09:00 DEBUG 64091 --- [order-service] [           main] org.hibernate.type.BasicTypeRegistry     : Adding type registration java.util.Currency -> org.hibernate.type.BasicTypeReference@9785903
2025-12-02T22:18:40.438+09:00 DEBUG 64091 --- [order-service] [           main] org.hibernate.type.BasicTypeRegistry     : Adding type registration locale -> org.hibernate.type.BasicTypeReference@34009349
2025-12-02T22:18:40.438+09:00 DEBUG 64091 --- [order-service] [           main] org.hibernate.type.BasicTypeRegistry     : Adding type registration java.util.Locale -> org.hibernate.type.BasicTypeReference@34009349
2025-12-02T22:18:40.438+09:00 DEBUG 64091 --- [order-service] [           main] org.hibernate.type.BasicTypeRegistry     : Adding type registration serializable -> org.hibernate.type.BasicTypeReference@3f68a7f8
2025-12-02T22:18:40.438+09:00 DEBUG 64091 --- [order-service] [           main] org.hibernate.type.BasicTypeRegistry     : Adding type registration java.io.Serializable -> org.hibernate.type.BasicTypeReference@3f68a7f8
2025-12-02T22:18:40.438+09:00 DEBUG 64091 --- [order-service] [           main] org.hibernate.type.BasicTypeRegistry     : Adding type registration timezone -> org.hibernate.type.BasicTypeReference@4faf1f4
2025-12-02T22:18:40.438+09:00 DEBUG 64091 --- [order-service] [           main] org.hibernate.type.BasicTypeRegistry     : Adding type registration java.util.TimeZone -> org.hibernate.type.BasicTypeReference@4faf1f4
2025-12-02T22:18:40.438+09:00 DEBUG 64091 --- [order-service] [           main] org.hibernate.type.BasicTypeRegistry     : Adding type registration ZoneOffset -> org.hibernate.type.BasicTypeReference@4f811029
2025-12-02T22:18:40.438+09:00 DEBUG 64091 --- [order-service] [           main] org.hibernate.type.BasicTypeRegistry     : Adding type registration java.time.ZoneOffset -> org.hibernate.type.BasicTypeReference@4f811029
2025-12-02T22:18:40.438+09:00 DEBUG 64091 --- [order-service] [           main] org.hibernate.type.BasicTypeRegistry     : Adding type registration url -> org.hibernate.type.BasicTypeReference@7f2b584b
2025-12-02T22:18:40.438+09:00 DEBUG 64091 --- [order-service] [           main] org.hibernate.type.BasicTypeRegistry     : Adding type registration java.net.URL -> org.hibernate.type.BasicTypeReference@7f2b584b
2025-12-02T22:18:40.438+09:00 DEBUG 64091 --- [order-service] [           main] org.hibernate.type.BasicTypeRegistry     : Adding type registration vector -> org.hibernate.type.BasicTypeReference@5866731
2025-12-02T22:18:40.439+09:00 DEBUG 64091 --- [order-service] [           main] org.hibernate.type.BasicTypeRegistry     : Adding type registration float_vector -> org.hibernate.type.BasicTypeReference@56a05324
2025-12-02T22:18:40.439+09:00 DEBUG 64091 --- [order-service] [           main] org.hibernate.type.BasicTypeRegistry     : Adding type registration double_vector -> org.hibernate.type.BasicTypeReference@11e71181
2025-12-02T22:18:40.439+09:00 DEBUG 64091 --- [order-service] [           main] org.hibernate.type.BasicTypeRegistry     : Adding type registration byte_vector -> org.hibernate.type.BasicTypeReference@342beaf6
2025-12-02T22:18:40.439+09:00 DEBUG 64091 --- [order-service] [           main] org.hibernate.type.BasicTypeRegistry     : Adding type registration row_version -> org.hibernate.type.BasicTypeReference@222acad
2025-12-02T22:18:40.439+09:00 DEBUG 64091 --- [order-service] [           main] org.hibernate.type.BasicTypeRegistry     : Adding type registration object -> org.hibernate.type.JavaObjectType@51b87df7
2025-12-02T22:18:40.439+09:00 DEBUG 64091 --- [order-service] [           main] org.hibernate.type.BasicTypeRegistry     : Adding type registration java.lang.Object -> org.hibernate.type.JavaObjectType@51b87df7
2025-12-02T22:18:40.439+09:00 DEBUG 64091 --- [order-service] [           main] org.hibernate.type.BasicTypeRegistry     : Adding type registration null -> org.hibernate.type.NullType@6b2aafbc
2025-12-02T22:18:40.439+09:00 DEBUG 64091 --- [order-service] [           main] org.hibernate.type.BasicTypeRegistry     : Adding type registration imm_date -> org.hibernate.type.BasicTypeReference@b6ae271
2025-12-02T22:18:40.439+09:00 DEBUG 64091 --- [order-service] [           main] org.hibernate.type.BasicTypeRegistry     : Adding type registration imm_time -> org.hibernate.type.BasicTypeReference@844e2fb
2025-12-02T22:18:40.439+09:00 DEBUG 64091 --- [order-service] [           main] org.hibernate.type.BasicTypeRegistry     : Adding type registration imm_timestamp -> org.hibernate.type.BasicTypeReference@1abd158
2025-12-02T22:18:40.439+09:00 DEBUG 64091 --- [order-service] [           main] org.hibernate.type.BasicTypeRegistry     : Adding type registration imm_calendar -> org.hibernate.type.BasicTypeReference@4493a45f
2025-12-02T22:18:40.439+09:00 DEBUG 64091 --- [order-service] [           main] org.hibernate.type.BasicTypeRegistry     : Adding type registration imm_calendar_date -> org.hibernate.type.BasicTypeReference@1836afd6
2025-12-02T22:18:40.439+09:00 DEBUG 64091 --- [order-service] [           main] org.hibernate.type.BasicTypeRegistry     : Adding type registration imm_calendar_time -> org.hibernate.type.BasicTypeReference@37cac511
2025-12-02T22:18:40.439+09:00 DEBUG 64091 --- [order-service] [           main] org.hibernate.type.BasicTypeRegistry     : Adding type registration imm_binary -> org.hibernate.type.BasicTypeReference@68b4e3a1
2025-12-02T22:18:40.440+09:00 DEBUG 64091 --- [order-service] [           main] org.hibernate.type.BasicTypeRegistry     : Adding type registration imm_serializable -> org.hibernate.type.BasicTypeReference@315c13b4
2025-12-02T22:18:40.452+09:00  INFO 64091 --- [order-service] [           main] o.s.o.j.p.SpringPersistenceUnitInfo      : No LoadTimeWeaver setup: ignoring JPA class transformer
2025-12-02T22:18:40.455+09:00  INFO 64091 --- [order-service] [           main] com.zaxxer.hikari.HikariDataSource       : HikariPool-1 - Starting...
2025-12-02T22:18:40.472+09:00  INFO 64091 --- [order-service] [           main] com.zaxxer.hikari.pool.HikariPool        : HikariPool-1 - Added connection conn18: url=jdbc:h2:mem:test user=TEST
2025-12-02T22:18:40.474+09:00  INFO 64091 --- [order-service] [           main] com.zaxxer.hikari.HikariDataSource       : HikariPool-1 - Start completed.
2025-12-02T22:18:40.482+09:00  WARN 64091 --- [order-service] [           main] org.hibernate.orm.deprecation            : HHH90000025: H2Dialect does not need to be specified explicitly using 'hibernate.dialect' (remove the property setting and it will be selected by default)
2025-12-02T22:18:40.492+09:00  INFO 64091 --- [order-service] [           main] org.hibernate.orm.connections.pooling    : HHH10001005: Database info:
	Database JDBC URL [Connecting through datasource 'HikariDataSource (HikariPool-1)']
	Database driver: undefined/unknown
	Database version: 2.3.232
	Autocommit mode: undefined/unknown
	Isolation level: undefined/unknown
	Minimum pool size: undefined/unknown
	Maximum pool size: undefined/unknown
2025-12-02T22:18:40.493+09:00 DEBUG 64091 --- [order-service] [           main] o.h.t.d.jdbc.spi.JdbcTypeRegistry        : addDescriptor(NCharTypeDescriptor) replaced previous registration(CharTypeDescriptor)
2025-12-02T22:18:40.493+09:00 DEBUG 64091 --- [order-service] [           main] o.h.t.d.jdbc.spi.JdbcTypeRegistry        : addDescriptor(NVarcharTypeDescriptor) replaced previous registration(VarcharTypeDescriptor)
2025-12-02T22:18:40.493+09:00 DEBUG 64091 --- [order-service] [           main] o.h.t.d.jdbc.spi.JdbcTypeRegistry        : addDescriptor(LongNVarcharTypeDescriptor) replaced previous registration(LongVarcharTypeDescriptor)
2025-12-02T22:18:40.493+09:00 DEBUG 64091 --- [order-service] [           main] o.h.t.d.jdbc.spi.JdbcTypeRegistry        : addDescriptor(NClobTypeDescriptor(DEFAULT)) replaced previous registration(ClobTypeDescriptor(DEFAULT))
2025-12-02T22:18:40.493+09:00 DEBUG 64091 --- [order-service] [           main] o.h.t.d.jdbc.spi.JdbcTypeRegistry        : addDescriptor(TimestampUtcDescriptor) replaced previous registration(TimestampUtcDescriptor)
2025-12-02T22:18:40.493+09:00 DEBUG 64091 --- [order-service] [           main] org.hibernate.type.BasicTypeRegistry     : Adding type registration org.hibernate.type.DurationType -> basicType@30(java.time.Duration,3015)
2025-12-02T22:18:40.493+09:00 DEBUG 64091 --- [order-service] [           main] org.hibernate.type.BasicTypeRegistry     : Adding type registration Duration -> basicType@30(java.time.Duration,3015)
2025-12-02T22:18:40.494+09:00 DEBUG 64091 --- [order-service] [           main] org.hibernate.type.BasicTypeRegistry     : Adding type registration java.time.Duration -> basicType@30(java.time.Duration,3015)
2025-12-02T22:18:40.494+09:00 DEBUG 64091 --- [order-service] [           main] o.h.type.spi.TypeConfiguration$Scope     : Scoping TypeConfiguration [org.hibernate.type.spi.TypeConfiguration@4cdd4500] to MetadataBuildingContext [org.hibernate.boot.internal.MetadataBuildingContextRootImpl@225721e2]
2025-12-02T22:18:40.681+09:00  INFO 64091 --- [order-service] [           main] o.h.e.t.j.p.i.JtaPlatformInitiator       : HHH000489: No JTA platform available (set 'hibernate.transaction.jta.platform' to enable JTA platform integration)
2025-12-02T22:18:40.682+09:00 DEBUG 64091 --- [order-service] [           main] o.h.type.spi.TypeConfiguration$Scope     : Scoping TypeConfiguration [org.hibernate.type.spi.TypeConfiguration@4cdd4500] to SessionFactoryImplementor [org.hibernate.internal.SessionFactoryImpl@a362681]
&amp#27;[35m[Hibernate]&amp#27;[0m 
    &amp#27;[34mdrop&amp#27;[0m &amp#27;[34mtable&amp#27;[0m &amp#27;[34mif&amp#27;[0m &amp#27;[34mexists&amp#27;[0m &amp#27;[32m"delivery_policy"&amp#27;[0m &amp#27;[34mcascade&amp#27;[0m 
&amp#27;[35m[Hibernate]&amp#27;[0m 
    &amp#27;[34mdrop&amp#27;[0m &amp#27;[34mtable&amp#27;[0m &amp#27;[34mif&amp#27;[0m &amp#27;[34mexists&amp#27;[0m &amp#27;[32m"order"&amp#27;[0m &amp#27;[34mcascade&amp#27;[0m 
&amp#27;[35m[Hibernate]&amp#27;[0m 
    &amp#27;[34mdrop&amp#27;[0m &amp#27;[34mtable&amp#27;[0m &amp#27;[34mif&amp#27;[0m &amp#27;[34mexists&amp#27;[0m &amp#27;[32m"order_item"&amp#27;[0m &amp#27;[34mcascade&amp#27;[0m 
&amp#27;[35m[Hibernate]&amp#27;[0m 
    &amp#27;[34mdrop&amp#27;[0m &amp#27;[34mtable&amp#27;[0m &amp#27;[34mif&amp#27;[0m &amp#27;[34mexists&amp#27;[0m &amp#27;[32m"packaging"&amp#27;[0m &amp#27;[34mcascade&amp#27;[0m 
&amp#27;[35m[Hibernate]&amp#27;[0m 
    &amp#27;[34mdrop&amp#27;[0m &amp#27;[34mtable&amp#27;[0m &amp#27;[34mif&amp#27;[0m &amp#27;[34mexists&amp#27;[0m &amp#27;[32m"non_member_order_item_refund_saga"&amp#27;[0m &amp#27;[34mcascade&amp#27;[0m 
&amp#27;[35m[Hibernate]&amp#27;[0m 
    &amp#27;[34mdrop&amp#27;[0m &amp#27;[34mtable&amp#27;[0m &amp#27;[34mif&amp#27;[0m &amp#27;[34mexists&amp#27;[0m &amp#27;[32m"order_cancel_saga"&amp#27;[0m &amp#27;[34mcascade&amp#27;[0m 
&amp#27;[35m[Hibernate]&amp#27;[0m 
    &amp#27;[34mdrop&amp#27;[0m &amp#27;[34mtable&amp#27;[0m &amp#27;[34mif&amp#27;[0m &amp#27;[34mexists&amp#27;[0m &amp#27;[32m"order_create_saga"&amp#27;[0m &amp#27;[34mcascade&amp#27;[0m 
&amp#27;[35m[Hibernate]&amp#27;[0m 
    &amp#27;[34mdrop&amp#27;[0m &amp#27;[34mtable&amp#27;[0m &amp#27;[34mif&amp#27;[0m &amp#27;[34mexists&amp#27;[0m &amp#27;[32m"order_item_refund_saga"&amp#27;[0m &amp#27;[34mcascade&amp#27;[0m 
&amp#27;[35m[Hibernate]&amp#27;[0m 
    &amp#27;[34mdrop&amp#27;[0m &amp#27;[34mtable&amp#27;[0m &amp#27;[34mif&amp#27;[0m &amp#27;[34mexists&amp#27;[0m &amp#27;[32m"payment"&amp#27;[0m &amp#27;[34mcascade&amp#27;[0m 
&amp#27;[35m[Hibernate]&amp#27;[0m 
    &amp#27;[34mcreate&amp#27;[0m &amp#27;[34mtable&amp#27;[0m &amp#27;[32m"delivery_policy"&amp#27;[0m (
        &amp#27;[32m"deliverypolicy_fee"&amp#27;[0m &amp#27;[34minteger&amp#27;[0m,
        &amp#27;[32m"deliverypolicy_threshold"&amp#27;[0m &amp#27;[34minteger&amp#27;[0m,
        &amp#27;[32m"deliverypolicy_id"&amp#27;[0m &amp#27;[34mbigint&amp#27;[0m generated &amp#27;[34mby&amp#27;[0m &amp#27;[34mdefault&amp#27;[0m &amp#27;[34mas&amp#27;[0m &amp#27;[34midentity&amp#27;[0m,
        &amp#27;[34mprimary&amp#27;[0m &amp#27;[34mkey&amp#27;[0m (&amp#27;[32m"deliverypolicy_id"&amp#27;[0m)
    )
&amp#27;[35m[Hibernate]&amp#27;[0m 
    &amp#27;[34mcreate&amp#27;[0m &amp#27;[34mtable&amp#27;[0m &amp#27;[32m"order"&amp#27;[0m (
        &amp#27;[32m"delivery_fee"&amp#27;[0m &amp#27;[34minteger&amp#27;[0m,
        &amp#27;[32m"order_status"&amp#27;[0m tinyint &amp#27;[34mcheck&amp#27;[0m (&amp#27;[32m"order_status"&amp#27;[0m &amp#27;[34mbetween&amp#27;[0m 0 &amp#27;[34mand&amp#27;[0m 3),
        &amp#27;[32m"origin_price"&amp#27;[0m &amp#27;[34minteger&amp#27;[0m,
        &amp#27;[32m"point_usage"&amp#27;[0m &amp#27;[34minteger&amp#27;[0m,
        &amp#27;[32m"total_price"&amp#27;[0m &amp#27;[34minteger&amp#27;[0m,
        &amp#27;[32m"coupon_id"&amp#27;[0m &amp#27;[34mbigint&amp#27;[0m,
        &amp#27;[32m"delivery_date"&amp#27;[0m &amp#27;[34mtimestamp&amp#27;[0m(6),
        &amp#27;[32m"member_id"&amp#27;[0m &amp#27;[34mbigint&amp#27;[0m,
        &amp#27;[32m"order_date"&amp#27;[0m &amp#27;[34mtimestamp&amp#27;[0m(6),
        &amp#27;[32m"order_id"&amp#27;[0m &amp#27;[34mbigint&amp#27;[0m generated &amp#27;[34mby&amp#27;[0m &amp#27;[34mdefault&amp#27;[0m &amp#27;[34mas&amp#27;[0m &amp#27;[34midentity&amp#27;[0m,
        &amp#27;[32m"non_member_password"&amp#27;[0m &amp#27;[34mvarchar&amp#27;[0m(255),
        &amp#27;[32m"order_number"&amp#27;[0m &amp#27;[34mvarchar&amp#27;[0m(255),
        &amp#27;[32m"orderer_contact"&amp#27;[0m &amp#27;[34mvarchar&amp#27;[0m(255),
        &amp#27;[32m"orderer_name"&amp#27;[0m &amp#27;[34mvarchar&amp#27;[0m(255),
        &amp#27;[32m"receiver_address"&amp#27;[0m &amp#27;[34mvarchar&amp#27;[0m(255),
        &amp#27;[32m"receiver_contact"&amp#27;[0m &amp#27;[34mvarchar&amp#27;[0m(255),
        &amp#27;[32m"receiver_name"&amp#27;[0m &amp#27;[34mvarchar&amp#27;[0m(255),
        &amp#27;[32m"shipping_post_code"&amp#27;[0m &amp#27;[34mvarchar&amp#27;[0m(255),
        &amp#27;[34mprimary&amp#27;[0m &amp#27;[34mkey&amp#27;[0m (&amp#27;[32m"order_id"&amp#27;[0m)
    )
&amp#27;[35m[Hibernate]&amp#27;[0m 
    &amp#27;[34mcreate&amp#27;[0m &amp#27;[34mtable&amp#27;[0m &amp#27;[32m"order_item"&amp#27;[0m (
        &amp#27;[32m"orderitem_status"&amp#27;[0m tinyint &amp#27;[34mcheck&amp#27;[0m (&amp#27;[32m"orderitem_status"&amp#27;[0m &amp#27;[34mbetween&amp#27;[0m 0 &amp#27;[34mand&amp#27;[0m 7),
        &amp#27;[32m"packaging_price"&amp#27;[0m &amp#27;[34minteger&amp#27;[0m,
        &amp#27;[32m"price"&amp#27;[0m &amp#27;[34minteger&amp#27;[0m &amp#27;[34mnot&amp#27;[0m &amp#27;[34mnull&amp#27;[0m,
        &amp#27;[32m"quantity"&amp#27;[0m &amp#27;[34minteger&amp#27;[0m &amp#27;[34mnot&amp#27;[0m &amp#27;[34mnull&amp#27;[0m,
        &amp#27;[32m"book_id"&amp#27;[0m &amp#27;[34mbigint&amp#27;[0m,
        &amp#27;[32m"order_id"&amp#27;[0m &amp#27;[34mbigint&amp#27;[0m &amp#27;[34mnot&amp#27;[0m &amp#27;[34mnull&amp#27;[0m,
        &amp#27;[32m"orderitem_id"&amp#27;[0m &amp#27;[34mbigint&amp#27;[0m generated &amp#27;[34mby&amp#27;[0m &amp#27;[34mdefault&amp#27;[0m &amp#27;[34mas&amp#27;[0m &amp#27;[34midentity&amp#27;[0m,
        &amp#27;[32m"shipping_date"&amp#27;[0m &amp#27;[34mtimestamp&amp#27;[0m(6),
        &amp#27;[34mprimary&amp#27;[0m &amp#27;[34mkey&amp#27;[0m (&amp#27;[32m"orderitem_id"&amp#27;[0m)
    )
&amp#27;[35m[Hibernate]&amp#27;[0m 
    &amp#27;[34mcreate&amp#27;[0m &amp#27;[34mtable&amp#27;[0m &amp#27;[32m"packaging"&amp#27;[0m (
        &amp#27;[32m"packaging_price"&amp#27;[0m &amp#27;[34minteger&amp#27;[0m,
        &amp#27;[32m"packaging_id"&amp#27;[0m &amp#27;[34mbigint&amp#27;[0m generated &amp#27;[34mby&amp#27;[0m &amp#27;[34mdefault&amp#27;[0m &amp#27;[34mas&amp#27;[0m &amp#27;[34midentity&amp#27;[0m,
        &amp#27;[32m"packaging_type"&amp#27;[0m &amp#27;[34mvarchar&amp#27;[0m(255),
        &amp#27;[34mprimary&amp#27;[0m &amp#27;[34mkey&amp#27;[0m (&amp#27;[32m"packaging_id"&amp#27;[0m)
    )
&amp#27;[35m[Hibernate]&amp#27;[0m 
    &amp#27;[34mcreate&amp#27;[0m &amp#27;[34mtable&amp#27;[0m &amp#27;[32m"non_member_order_item_refund_saga"&amp#27;[0m (
        &amp#27;[32m"order_id"&amp#27;[0m &amp#27;[34mbigint&amp#27;[0m &amp#27;[34mnot&amp#27;[0m &amp#27;[34mnull&amp#27;[0m,
        &amp#27;[32m"order_item_id"&amp#27;[0m &amp#27;[34mbigint&amp#27;[0m &amp#27;[34mnot&amp#27;[0m &amp#27;[34mnull&amp#27;[0m,
        &amp#27;[32m"saga_id"&amp#27;[0m uuid &amp#27;[34mnot&amp#27;[0m &amp#27;[34mnull&amp#27;[0m,
        &amp#27;[32m"last_completed_step"&amp#27;[0m enum (&amp#27;[36m'PAYMENT_REFUNDED'&amp#27;[0m,&amp#27;[36m'STARTED'&amp#27;[0m,&amp#27;[36m'STOCK_INCREASED'&amp#27;[0m),
        &amp#27;[32m"overall_status"&amp#27;[0m enum (&amp#27;[36m'COMPENSATED'&amp#27;[0m,&amp#27;[36m'COMPLETED'&amp#27;[0m,&amp#27;[36m'COMPLETED_COMPENSATED'&amp#27;[0m,&amp#27;[36m'FAILED'&amp#27;[0m,&amp#27;[36m'PROGRESS'&amp#27;[0m),
        &amp#27;[34mprimary&amp#27;[0m &amp#27;[34mkey&amp#27;[0m (&amp#27;[32m"saga_id"&amp#27;[0m)
    )
&amp#27;[35m[Hibernate]&amp#27;[0m 
    &amp#27;[34mcreate&amp#27;[0m &amp#27;[34mtable&amp#27;[0m &amp#27;[32m"order_cancel_saga"&amp#27;[0m (
        &amp#27;[32m"order_id"&amp#27;[0m &amp#27;[34mbigint&amp#27;[0m &amp#27;[34mnot&amp#27;[0m &amp#27;[34mnull&amp#27;[0m,
        &amp#27;[32m"saga_id"&amp#27;[0m uuid &amp#27;[34mnot&amp#27;[0m &amp#27;[34mnull&amp#27;[0m,
        &amp#27;[32m"last_completed_step"&amp#27;[0m enum (&amp#27;[36m'COUPON_RESTORED'&amp#27;[0m,&amp#27;[36m'PAYMENT_CANCELED'&amp#27;[0m,&amp#27;[36m'POINT_REFUNDED'&amp#27;[0m,&amp#27;[36m'STARTED'&amp#27;[0m,&amp#27;[36m'STOCK_INCREASED'&amp#27;[0m),
        &amp#27;[32m"overall_status"&amp#27;[0m enum (&amp#27;[36m'COMPENSATED'&amp#27;[0m,&amp#27;[36m'COMPLETED'&amp#27;[0m,&amp#27;[36m'COMPLETED_COMPENSATED'&amp#27;[0m,&amp#27;[36m'FAILED'&amp#27;[0m,&amp#27;[36m'PROGRESS'&amp#27;[0m),
        &amp#27;[34mprimary&amp#27;[0m &amp#27;[34mkey&amp#27;[0m (&amp#27;[32m"saga_id"&amp#27;[0m)
    )
&amp#27;[35m[Hibernate]&amp#27;[0m 
    &amp#27;[34mcreate&amp#27;[0m &amp#27;[34mtable&amp#27;[0m &amp#27;[32m"order_create_saga"&amp#27;[0m (
        &amp#27;[32m"order_id"&amp#27;[0m &amp#27;[34mbigint&amp#27;[0m &amp#27;[34mnot&amp#27;[0m &amp#27;[34mnull&amp#27;[0m,
        &amp#27;[32m"saga_id"&amp#27;[0m uuid &amp#27;[34mnot&amp#27;[0m &amp#27;[34mnull&amp#27;[0m,
        &amp#27;[32m"last_completed_step"&amp#27;[0m enum (&amp#27;[36m'COUPON_APPLIED'&amp#27;[0m,&amp#27;[36m'POINT_USED'&amp#27;[0m,&amp#27;[36m'STARTED'&amp#27;[0m,&amp#27;[36m'STOCK_DECREASED'&amp#27;[0m),
        &amp#27;[32m"overall_status"&amp#27;[0m enum (&amp#27;[36m'COMPENSATED'&amp#27;[0m,&amp#27;[36m'COMPLETED'&amp#27;[0m,&amp#27;[36m'COMPLETED_COMPENSATED'&amp#27;[0m,&amp#27;[36m'FAILED'&amp#27;[0m,&amp#27;[36m'PROGRESS'&amp#27;[0m),
        &amp#27;[34mprimary&amp#27;[0m &amp#27;[34mkey&amp#27;[0m (&amp#27;[32m"saga_id"&amp#27;[0m)
    )
&amp#27;[35m[Hibernate]&amp#27;[0m 
    &amp#27;[34mcreate&amp#27;[0m &amp#27;[34mtable&amp#27;[0m &amp#27;[32m"order_item_refund_saga"&amp#27;[0m (
        &amp#27;[32m"order_id"&amp#27;[0m &amp#27;[34mbigint&amp#27;[0m &amp#27;[34mnot&amp#27;[0m &amp#27;[34mnull&amp#27;[0m,
        &amp#27;[32m"order_item_id"&amp#27;[0m &amp#27;[34mbigint&amp#27;[0m &amp#27;[34mnot&amp#27;[0m &amp#27;[34mnull&amp#27;[0m,
        &amp#27;[32m"saga_id"&amp#27;[0m uuid &amp#27;[34mnot&amp#27;[0m &amp#27;[34mnull&amp#27;[0m,
        &amp#27;[32m"last_completed_step"&amp#27;[0m enum (&amp#27;[36m'POINT_REFUNDED'&amp#27;[0m,&amp#27;[36m'STARTED'&amp#27;[0m,&amp#27;[36m'STOCK_INCREASED'&amp#27;[0m),
        &amp#27;[32m"overall_status"&amp#27;[0m enum (&amp#27;[36m'COMPENSATED'&amp#27;[0m,&amp#27;[36m'COMPLETED'&amp#27;[0m,&amp#27;[36m'COMPLETED_COMPENSATED'&amp#27;[0m,&amp#27;[36m'FAILED'&amp#27;[0m,&amp#27;[36m'PROGRESS'&amp#27;[0m),
        &amp#27;[34mprimary&amp#27;[0m &amp#27;[34mkey&amp#27;[0m (&amp#27;[32m"saga_id"&amp#27;[0m)
    )
&amp#27;[35m[Hibernate]&amp#27;[0m 
    &amp#27;[34mcreate&amp#27;[0m &amp#27;[34mtable&amp#27;[0m &amp#27;[32m"payment"&amp#27;[0m (
        &amp#27;[32m"balance_amount"&amp#27;[0m &amp#27;[34minteger&amp#27;[0m,
        &amp#27;[32m"total_amount"&amp#27;[0m &amp#27;[34minteger&amp#27;[0m,
        &amp#27;[32m"order_id"&amp#27;[0m &amp#27;[34mbigint&amp#27;[0m &amp#27;[34mnot&amp#27;[0m &amp#27;[34mnull&amp#27;[0m &amp#27;[34munique&amp#27;[0m,
        &amp#27;[32m"payment_approved_at"&amp#27;[0m &amp#27;[34mtimestamp&amp#27;[0m(6),
        &amp#27;[32m"payment_id"&amp#27;[0m &amp#27;[34mbigint&amp#27;[0m generated &amp#27;[34mby&amp#27;[0m &amp#27;[34mdefault&amp#27;[0m &amp#27;[34mas&amp#27;[0m &amp#27;[34midentity&amp#27;[0m,
        &amp#27;[32m"payment_requested_at"&amp#27;[0m &amp#27;[34mtimestamp&amp#27;[0m(6),
        &amp#27;[32m"payment_key"&amp#27;[0m &amp#27;[34mvarchar&amp#27;[0m(255),
        &amp#27;[32m"payment_receipt"&amp#27;[0m &amp#27;[34mvarchar&amp#27;[0m(255),
        &amp#27;[32m"payment_status"&amp#27;[0m enum (&amp#27;[36m'CANCELED'&amp#27;[0m,&amp#27;[36m'DONE'&amp#27;[0m,&amp#27;[36m'PARTIAL_CANCELED'&amp#27;[0m) &amp#27;[34mnot&amp#27;[0m &amp#27;[34mnull&amp#27;[0m,
        &amp#27;[34mprimary&amp#27;[0m &amp#27;[34mkey&amp#27;[0m (&amp#27;[32m"payment_id"&amp#27;[0m)
    )
&amp#27;[35m[Hibernate]&amp#27;[0m 
    &amp#27;[34malter&amp#27;[0m &amp#27;[34mtable&amp#27;[0m &amp#27;[34mif&amp#27;[0m &amp#27;[34mexists&amp#27;[0m &amp#27;[32m"order_item"&amp#27;[0m 
       &amp#27;[34madd&amp#27;[0m &amp#27;[34mconstraint&amp#27;[0m &amp#27;[32m"FKl1bqqbilx1hdy29vykrqkgu3p"&amp#27;[0m 
       &amp#27;[34mforeign&amp#27;[0m &amp#27;[34mkey&amp#27;[0m (&amp#27;[32m"order_id"&amp#27;[0m) 
       &amp#27;[34mreferences&amp#27;[0m &amp#27;[32m"order"&amp#27;[0m
&amp#27;[35m[Hibernate]&amp#27;[0m 
    &amp#27;[34malter&amp#27;[0m &amp#27;[34mtable&amp#27;[0m &amp#27;[34mif&amp#27;[0m &amp#27;[34mexists&amp#27;[0m &amp#27;[32m"payment"&amp#27;[0m 
       &amp#27;[34madd&amp#27;[0m &amp#27;[34mconstraint&amp#27;[0m &amp#27;[32m"FK6b0nsdjjc7log0i74wrfp2coo"&amp#27;[0m 
       &amp#27;[34mforeign&amp#27;[0m &amp#27;[34mkey&amp#27;[0m (&amp#27;[32m"order_id"&amp#27;[0m) 
       &amp#27;[34mreferences&amp#27;[0m &amp#27;[32m"order"&amp#27;[0m
2025-12-02T22:18:40.707+09:00 TRACE 64091 --- [order-service] [           main] o.h.type.spi.TypeConfiguration$Scope     : Handling #sessionFactoryCreated from [org.hibernate.internal.SessionFactoryImpl@a362681] for TypeConfiguration
2025-12-02T22:18:40.707+09:00  INFO 64091 --- [order-service] [           main] j.LocalContainerEntityManagerFactoryBean : Initialized JPA EntityManagerFactory for persistence unit 'default'
2025-12-02T22:18:41.101+09:00  INFO 64091 --- [order-service] [           main] o.s.c.openfeign.FeignClientFactoryBean   : For 'member-service' URL not provided. Will try picking an instance via load-balancing.
2025-12-02T22:18:43.463+09:00  INFO 64091 --- [order-service] [           main] o.s.b.a.h2.H2ConsoleAutoConfiguration    : H2 console available at '/h2-console'. Database available at 'jdbc:h2:mem:test'
2025-12-02T22:18:43.660+09:00  INFO 64091 --- [order-service] [           main] DiscoveryClientOptionalArgsConfiguration : Eureka HTTP Client uses RestTemplate.
2025-12-02T22:18:43.765+09:00  WARN 64091 --- [order-service] [           main] iguration$LoadBalancerCaffeineWarnLogger : Spring Cloud LoadBalancer is currently working with the default cache. While this cache implementation is useful for development and tests, it's recommended to use Caffeine cache in production.You can switch to using Caffeine cache, by adding it and org.springframework.cache.caffeine.CaffeineCacheManager to the classpath.
2025-12-02T22:18:43.809+09:00  INFO 64091 --- [order-service] [           main] o.s.b.a.e.web.EndpointLinksResolver      : Exposing 1 endpoint beneath base path '/actuator'
2025-12-02T22:18:43.972+09:00  INFO 64091 --- [order-service] [           main] c.n.o.o.s.OrderServiceSecurityTest       : Started OrderServiceSecurityTest in 5.967 seconds (process running for 16.511)
2025-12-02T22:18:44.156+09:00  INFO 64091 --- [order-service] [           main] o.s.c.openfeign.FeignClientFactoryBean   : For 'book-service' URL not provided. Will try picking an instance via load-balancing.
2025-12-02T22:18:44.161+09:00  WARN 64091 --- [order-service] [           main] o.s.c.o.support.SpringMvcContract        : [OpenFeign Warning] Feign method 'public abstract java.util.List<com.nhnacademy.order.client.dto.BookResponse> com.nhnacademy.order.client.BookClient.getOrderBookInfos(java.util.List<java.lang.Long>)' is declared as GET with parameters, but none of the parameters are annotated (e.g. @RequestParam, @RequestHeader, @PathVariable, etc). This may result in fallback to POST at runtime. Consider explicitly annotating parameters.
2025-12-02T22:18:44.200+09:00  INFO 64091 --- [order-service] [           main] o.s.c.openfeign.FeignClientFactoryBean   : For 'coupon-service' URL not provided. Will try picking an instance via load-balancing.
2025-12-02T22:18:44.202+09:00  WARN 64091 --- [order-service] [           main] o.s.c.o.support.SpringMvcContract        : [OpenFeign Warning] Feign method 'public abstract int com.nhnacademy.order.client.CouponClient.calculateDiscount(com.nhnacademy.order.client.dto.CouponGetDiscountAmountRequest)' is declared as GET with parameters, but none of the parameters are annotated (e.g. @RequestParam, @RequestHeader, @PathVariable, etc). This may result in fallback to POST at runtime. Consider explicitly annotating parameters.
2025-12-02T22:18:44.231+09:00  INFO 64091 --- [order-service] [           main] c.n.order.common.aop.LoggingAspect       : ---> [시작] OrderServiceImpl.findAllOrders(..)
2025-12-02T22:18:44.240+09:00  INFO 64091 --- [order-service] [           main] c.n.order.common.aop.LoggingAspect       : <--- [끝] OrderServiceImpl.findAllOrders(..) (실행 시간: 8 ms)
]]></system-out>
  </testcase>
  <testcase name="patchOrderItemStatus_Failure_AdminRoleRequired(OrderItemStatus)[1]" classname="com.nhnacademy.order.order.service.OrderServiceSecurityTest" time="0.031">
    <system-out><![CDATA[2025-12-02T22:18:44.309+09:00  INFO 64091 --- [order-service] [           main] c.n.order.common.aop.LoggingAspect       : ---> [시작] OrderServiceImpl.patchOrderItemStatus(..)
2025-12-02T22:18:44.310+09:00  INFO 64091 --- [order-service] [           main] c.n.order.common.aop.LoggingAspect       : <--- [끝] OrderServiceImpl.patchOrderItemStatus(..) (실행 시간: 1 ms)
]]></system-out>
  </testcase>
  <testcase name="patchOrderItemStatus_Failure_AdminRoleRequired(OrderItemStatus)[2]" classname="com.nhnacademy.order.order.service.OrderServiceSecurityTest" time="0.018">
    <system-out><![CDATA[2025-12-02T22:18:44.333+09:00  INFO 64091 --- [order-service] [           main] c.n.order.common.aop.LoggingAspect       : ---> [시작] OrderServiceImpl.patchOrderItemStatus(..)
2025-12-02T22:18:44.334+09:00  INFO 64091 --- [order-service] [           main] c.n.order.common.aop.LoggingAspect       : <--- [끝] OrderServiceImpl.patchOrderItemStatus(..) (실행 시간: 1 ms)
]]></system-out>
  </testcase>
</testsuite>